[96m[CASE]19:43:5-logs.py:62 >> -------------------------------------------------------------
[96m[CASE]19:43:5-logs.py:63 >> Method Name: testCase01_major, Class Name: NoteContentCreateMajor
[96m[CASE]19:43:5-logs.py:64 >> Test Description:ä¸Šä¼ /æ›´æ–°ä¾¿ç­¾å†…å®¹æŽ¥å£ï¼Œ ä¸»æµç¨‹ï¼šä¸Šä¼ æ™®é€šä¾¿ç­¾å†…å®¹
[INFO]19:43:5-BusinessRe.py:14 >> request url: http://note-api.wps.cn/v3/notesvr/set/notecontent
[INFO]19:43:5-BusinessRe.py:15 >> request headers: {'Cookie': 'wps_sid=V02SLhq3OBmoksCi_G89b13NGYSK8bo00a6f3d6f0016adde65', 'X-user-key': '380493413', 'Content-Type': 'application/json'}
[INFO]19:43:5-BusinessRe.py:16 >> request body: {'title': 'test', 'summary': 'test', 'body': 'test', 'localContentVersion': 0, 'noteId': '1731843834087', 'bodyType': 0}
[INFO]19:43:5-BusinessRe.py:22 >> response code: 200
[INFO]19:43:5-BusinessRe.py:23 >> response body: {"responseTime":28,"contentVersion":1,"contentUpdateTime":1731843838180}
[INFO]19:43:5-BusinessRe.py:14 >> request url: http://note-api.wps.cn/v3/notesvr/get/notebody
[INFO]19:43:5-BusinessRe.py:15 >> request headers: {'Cookie': 'wps_sid=V02SLhq3OBmoksCi_G89b13NGYSK8bo00a6f3d6f0016adde65', 'X-user-key': '380493413', 'Content-Type': 'application/json'}
[INFO]19:43:5-BusinessRe.py:16 >> request body: {'noteIds': ['1731843834087']}
[INFO]19:43:5-BusinessRe.py:22 >> response code: 200
[INFO]19:43:5-BusinessRe.py:23 >> response body: {"responseTime":27,"noteBodies":[{"summary":"test","noteId":"1731843834087","infoNoteId":"1731843834087","bodyType":0,"body":"test","contentVersion":1,"contentUpdateTime":1731843838180,"title":"test","valid":1}]}
[96m[CASE]19:43:5-logs.py:68 >> Case run time: 0.51s
[96m[CASE]19:43:5-logs.py:62 >> -------------------------------------------------------------
[96m[CASE]19:43:5-logs.py:63 >> Method Name: testCase02_major, Class Name: NoteContentCreateMajor
[96m[CASE]19:43:5-logs.py:64 >> Test Description:ä¸Šä¼ /æ›´æ–°ä¾¿ç­¾å†…å®¹æŽ¥å£ï¼Œ ä¸»æµç¨‹ï¼šä¸Šä¼ æ—¥åŽ†ä¾¿ç­¾å†…å®¹
[INFO]19:43:5-BusinessRe.py:14 >> request url: http://note-api.wps.cn/v3/notesvr/set/notecontent
[INFO]19:43:5-BusinessRe.py:15 >> request headers: {'Cookie': 'wps_sid=V02SLhq3OBmoksCi_G89b13NGYSK8bo00a6f3d6f0016adde65', 'X-user-key': '380493413', 'Content-Type': 'application/json'}
[INFO]19:43:5-BusinessRe.py:16 >> request body: {'title': 'test', 'summary': 'test', 'body': 'test', 'localContentVersion': 0, 'noteId': '1731843836831', 'bodyType': 0}
[INFO]19:43:5-BusinessRe.py:22 >> response code: 200
[INFO]19:43:5-BusinessRe.py:23 >> response body: {"responseTime":26,"contentVersion":1,"contentUpdateTime":1731843840869}
[INFO]19:43:5-BusinessRe.py:14 >> request url: http://note-api.wps.cn/v3/notesvr/get/notebody
[INFO]19:43:5-BusinessRe.py:15 >> request headers: {'Cookie': 'wps_sid=V02SLhq3OBmoksCi_G89b13NGYSK8bo00a6f3d6f0016adde65', 'X-user-key': '380493413', 'Content-Type': 'application/json'}
[INFO]19:43:5-BusinessRe.py:16 >> request body: {'noteIds': ['1731843836831']}
[INFO]19:43:5-BusinessRe.py:22 >> response code: 200
[INFO]19:43:5-BusinessRe.py:23 >> response body: {"responseTime":27,"noteBodies":[{"summary":"test","noteId":"1731843836831","infoNoteId":"1731843836831","bodyType":0,"body":"test","contentVersion":1,"contentUpdateTime":1731843840869,"title":"test","valid":1}]}
[96m[CASE]19:43:5-logs.py:68 >> Case run time: 0.42s
[96m[CASE]19:43:5-logs.py:62 >> -------------------------------------------------------------
[96m[CASE]19:43:5-logs.py:63 >> Method Name: testCase03_major, Class Name: NoteContentCreateMajor
[96m[CASE]19:43:5-logs.py:64 >> Test Description:ä¸Šä¼ /æ›´æ–°ä¾¿ç­¾å†…å®¹æŽ¥å£ï¼Œ ä¸»æµç¨‹ï¼šä¸Šä¼ åˆ†ç»„ä¾¿ç­¾å†…å®¹
[INFO]19:43:5-BusinessRe.py:14 >> request url: http://note-api.wps.cn/v3/notesvr/set/notecontent
[INFO]19:43:5-BusinessRe.py:15 >> request headers: {'Cookie': 'wps_sid=V02SLhq3OBmoksCi_G89b13NGYSK8bo00a6f3d6f0016adde65', 'X-user-key': '380493413', 'Content-Type': 'application/json'}
[INFO]19:43:5-BusinessRe.py:16 >> request body: {'title': 'test', 'summary': 'test', 'body': 'test', 'localContentVersion': 0, 'noteId': '1731843839632', 'bodyType': 0}
[INFO]19:43:5-BusinessRe.py:22 >> response code: 200
[INFO]19:43:5-BusinessRe.py:23 >> response body: {"responseTime":28,"contentVersion":1,"contentUpdateTime":1731843843677}
[INFO]19:43:5-BusinessRe.py:14 >> request url: http://note-api.wps.cn/v3/notesvr/get/notebody
[INFO]19:43:5-BusinessRe.py:15 >> request headers: {'Cookie': 'wps_sid=V02SLhq3OBmoksCi_G89b13NGYSK8bo00a6f3d6f0016adde65', 'X-user-key': '380493413', 'Content-Type': 'application/json'}
[INFO]19:43:5-BusinessRe.py:16 >> request body: {'noteIds': ['1731843839632']}
[INFO]19:44:0-BusinessRe.py:22 >> response code: 200
[INFO]19:44:0-BusinessRe.py:23 >> response body: {"responseTime":24,"noteBodies":[{"summary":"test","noteId":"1731843839632","infoNoteId":"1731843839632","bodyType":0,"body":"test","contentVersion":1,"contentUpdateTime":1731843843677,"title":"test","valid":1}]}
[96m[CASE]19:44:0-logs.py:68 >> Case run time: 0.41s
[96m[CASE]19:44:0-logs.py:62 >> -------------------------------------------------------------
[96m[CASE]19:44:0-logs.py:63 >> Method Name: testCase04_major, Class Name: NoteContentCreateMajor
[96m[CASE]19:44:0-logs.py:64 >> Test Description:ä¸Šä¼ /æ›´æ–°ä¾¿ç­¾å†…å®¹æŽ¥å£ï¼Œ ä¸»æµç¨‹ï¼šæ›´æ–°æ™®é€šä¾¿ç­¾å†…å®¹
[INFO]19:44:0-BusinessRe.py:14 >> request url: http://note-api.wps.cn/v3/notesvr/set/notecontent
[INFO]19:44:0-BusinessRe.py:15 >> request headers: {'Cookie': 'wps_sid=V02SLhq3OBmoksCi_G89b13NGYSK8bo00a6f3d6f0016adde65', 'X-user-key': '380493413', 'Content-Type': 'application/json'}
[INFO]19:44:0-BusinessRe.py:16 >> request body: {'title': 'test1', 'summary': 'test1', 'body': 'test1', 'localContentVersion': 1, 'noteId': '1731843842237', 'bodyType': 0}
[INFO]19:44:0-BusinessRe.py:22 >> response code: 200
[INFO]19:44:0-BusinessRe.py:23 >> response body: {"responseTime":30,"contentVersion":2,"contentUpdateTime":1731843846473}
[INFO]19:44:0-BusinessRe.py:14 >> request url: http://note-api.wps.cn/v3/notesvr/get/notebody
[INFO]19:44:0-BusinessRe.py:15 >> request headers: {'Cookie': 'wps_sid=V02SLhq3OBmoksCi_G89b13NGYSK8bo00a6f3d6f0016adde65', 'X-user-key': '380493413', 'Content-Type': 'application/json'}
[INFO]19:44:0-BusinessRe.py:16 >> request body: {'noteIds': ['1731843842237']}
[INFO]19:44:0-BusinessRe.py:22 >> response code: 200
[INFO]19:44:0-BusinessRe.py:23 >> response body: {"responseTime":23,"noteBodies":[{"summary":"test1","noteId":"1731843842237","infoNoteId":"1731843842237","bodyType":0,"body":"test1","contentVersion":2,"contentUpdateTime":1731843846473,"title":"test1","valid":1}]}
[96m[CASE]19:44:0-logs.py:68 >> Case run time: 0.57s
[96m[CASE]19:44:0-logs.py:62 >> -------------------------------------------------------------
[96m[CASE]19:44:0-logs.py:63 >> Method Name: testCase05_major, Class Name: NoteContentCreateMajor
[96m[CASE]19:44:0-logs.py:64 >> Test Description:ä¸Šä¼ /æ›´æ–°ä¾¿ç­¾å†…å®¹æŽ¥å£ï¼Œ ä¸»æµç¨‹ï¼šæ›´æ–°æ—¥åŽ†ä¾¿ç­¾å†…å®¹
[INFO]19:44:0-BusinessRe.py:14 >> request url: http://note-api.wps.cn/v3/notesvr/set/notecontent
[INFO]19:44:0-BusinessRe.py:15 >> request headers: {'Cookie': 'wps_sid=V02SLhq3OBmoksCi_G89b13NGYSK8bo00a6f3d6f0016adde65', 'X-user-key': '380493413', 'Content-Type': 'application/json'}
[INFO]19:44:0-BusinessRe.py:16 >> request body: {'title': 'test1', 'summary': 'test1', 'body': 'test1', 'localContentVersion': 1, 'noteId': '1731843845323', 'bodyType': 0}
[INFO]19:44:0-BusinessRe.py:22 >> response code: 200
[INFO]19:44:0-BusinessRe.py:23 >> response body: {"responseTime":29,"contentVersion":2,"contentUpdateTime":1731843849596}
[INFO]19:44:0-BusinessRe.py:14 >> request url: http://note-api.wps.cn/v3/notesvr/get/notebody
[INFO]19:44:0-BusinessRe.py:15 >> request headers: {'Cookie': 'wps_sid=V02SLhq3OBmoksCi_G89b13NGYSK8bo00a6f3d6f0016adde65', 'X-user-key': '380493413', 'Content-Type': 'application/json'}
[INFO]19:44:0-BusinessRe.py:16 >> request body: {'noteIds': ['1731843845323']}
[INFO]19:44:0-BusinessRe.py:22 >> response code: 200
[INFO]19:44:0-BusinessRe.py:23 >> response body: {"responseTime":25,"noteBodies":[{"summary":"test1","noteId":"1731843845323","infoNoteId":"1731843845323","bodyType":0,"body":"test1","contentVersion":2,"contentUpdateTime":1731843849596,"title":"test1","valid":1}]}
[96m[CASE]19:44:0-logs.py:68 >> Case run time: 0.60s
[96m[CASE]19:44:0-logs.py:62 >> -------------------------------------------------------------
[96m[CASE]19:44:0-logs.py:63 >> Method Name: testCase06_major, Class Name: NoteContentCreateMajor
[96m[CASE]19:44:0-logs.py:64 >> Test Description:ä¸Šä¼ /æ›´æ–°ä¾¿ç­¾å†…å®¹æŽ¥å£ï¼Œ ä¸»æµç¨‹ï¼šæ›´æ–°åˆ†ç»„ä¾¿ç­¾å†…å®¹
[INFO]19:44:0-BusinessRe.py:14 >> request url: http://note-api.wps.cn/v3/notesvr/set/notecontent
[INFO]19:44:0-BusinessRe.py:15 >> request headers: {'Cookie': 'wps_sid=V02SLhq3OBmoksCi_G89b13NGYSK8bo00a6f3d6f0016adde65', 'X-user-key': '380493413', 'Content-Type': 'application/json'}
[INFO]19:44:0-BusinessRe.py:16 >> request body: {'title': 'test1', 'summary': 'test1', 'body': 'test1', 'localContentVersion': 1, 'noteId': '1731843848274', 'bodyType': 0}
[INFO]19:44:0-BusinessRe.py:22 >> response code: 200
[INFO]19:44:0-BusinessRe.py:23 >> response body: {"responseTime":29,"contentVersion":2,"contentUpdateTime":1731843852581}
[INFO]19:44:0-BusinessRe.py:14 >> request url: http://note-api.wps.cn/v3/notesvr/get/notebody
[INFO]19:44:0-BusinessRe.py:15 >> request headers: {'Cookie': 'wps_sid=V02SLhq3OBmoksCi_G89b13NGYSK8bo00a6f3d6f0016adde65', 'X-user-key': '380493413', 'Content-Type': 'application/json'}
[INFO]19:44:0-BusinessRe.py:16 >> request body: {'noteIds': ['1731843848274']}
[INFO]19:44:0-BusinessRe.py:22 >> response code: 200
[INFO]19:44:0-BusinessRe.py:23 >> response body: {"responseTime":25,"noteBodies":[{"summary":"test1","noteId":"1731843848274","infoNoteId":"1731843848274","bodyType":0,"body":"test1","contentVersion":2,"contentUpdateTime":1731843852581,"title":"test1","valid":1}]}
[96m[CASE]19:44:0-logs.py:68 >> Case run time: 0.70s
[96m[CASE]19:44:1-logs.py:62 >> -------------------------------------------------------------
[96m[CASE]19:44:1-logs.py:63 >> Method Name: testCase010_handle_over_permission, Class Name: RequestNotes
[96m[CASE]19:44:1-logs.py:64 >> Test Description:æŸ¥è¯¢ä¾¿ç­¾æŽ¥å£ï¼Œhandleå±‚è¶Šæƒï¼šç”¨æˆ·Aæ–°å»º1æ¡ä¾¿ç­¾Aï¼Œç”¨æˆ·BæŸ¥è¯¢
[96m[CASE]19:44:1-logs.py:62 >> -------------------------------------------------------------
[96m[CASE]19:44:1-logs.py:63 >> Method Name: testCase01_major, Class Name: RequestNotes
[96m[CASE]19:44:1-logs.py:64 >> Test Description:æŸ¥è¯¢é¦–é¡µä¾¿ç­¾æŽ¥å£ï¼Œä¸»æµç¨‹ï¼šæ–°å»ºä¸€æ¡ä¾¿ç­¾Aç„¶åŽæŸ¥è¯¢
[96m[CASE]19:44:1-logs.py:62 >> -------------------------------------------------------------
[96m[CASE]19:44:1-logs.py:63 >> Method Name: testCase02_major, Class Name: RequestNotes
[96m[CASE]19:44:1-logs.py:64 >> Test Description:æŸ¥è¯¢é¦–é¡µä¾¿ç­¾æŽ¥å£ï¼Œä¸»æµç¨‹ï¼šæ— æ•°æ®æ—¶æŸ¥è¯¢ï¼ŒæœŸæœ›è¿”å›ž0æ¡æ•°æ®
[96m[CASE]19:44:1-logs.py:62 >> -------------------------------------------------------------
[96m[CASE]19:44:1-logs.py:63 >> Method Name: testCase03_handle_startindex, Class Name: RequestNotes
[96m[CASE]19:44:1-logs.py:64 >> Test Description:æŸ¥è¯¢é¦–é¡µä¾¿ç­¾æŽ¥å£ï¼ŒHandleå±‚startindexæ•°å€¼é™åˆ¶ï¼šæ–°å»ºä¸¤æ¡ä¾¿ç­¾Aã€Bï¼ŒæŸ¥è¯¢æ—¶ä¼ å…¥startindexä¸º1,æœŸæœ›è¿”å›žä¾¿ç­¾Açš„æ•°æ®
[96m[CASE]19:44:2-logs.py:62 >> -------------------------------------------------------------
[96m[CASE]19:44:2-logs.py:63 >> Method Name: testCase04_handle_startindex, Class Name: RequestNotes
[96m[CASE]19:44:2-logs.py:64 >> Test Description:æŸ¥è¯¢é¦–é¡µä¾¿ç­¾æŽ¥å£ï¼ŒHandleå±‚startindexæ•°å€¼é™åˆ¶ï¼šæ–°å»ºä¸¤æ¡ä¾¿ç­¾Aã€Bï¼ŒæŸ¥è¯¢æ—¶ä¼ å…¥startindexä¸º5,æœŸæœ›è¿”å›ž0æ¡ä¾¿ç­¾æ•°æ®
[96m[CASE]19:44:2-logs.py:62 >> -------------------------------------------------------------
[96m[CASE]19:44:2-logs.py:63 >> Method Name: testCase05_handle_rows, Class Name: RequestNotes
[96m[CASE]19:44:2-logs.py:64 >> Test Description:æŸ¥è¯¢é¦–é¡µä¾¿ç­¾æŽ¥å£ï¼ŒHandleå±‚rowsæ•°å€¼é™åˆ¶ï¼šæ–°å»ºä¸¤æ¡ä¾¿ç­¾Aã€Bï¼ŒæŸ¥è¯¢æ—¶ä¼ å…¥rowsä¸º0,æœŸæœ›è¿”å›ž0æ¡ä¾¿ç­¾æ•°æ®
[96m[CASE]19:44:2-logs.py:62 >> -------------------------------------------------------------
[96m[CASE]19:44:2-logs.py:63 >> Method Name: testCase06_handle_rows, Class Name: RequestNotes
[96m[CASE]19:44:2-logs.py:64 >> Test Description:æŸ¥è¯¢é¦–é¡µä¾¿ç­¾æŽ¥å£ï¼ŒHandleå±‚rowsæ•°å€¼é™åˆ¶ï¼šæ–°å»ºä¸¤æ¡ä¾¿ç­¾Aã€Bï¼ŒæŸ¥è¯¢æ—¶ä¼ å…¥rowsä¸º0,æœŸæœ›è¿”å›ž0æ¡ä¾¿ç­¾æ•°æ®
[96m[CASE]19:44:3-logs.py:62 >> -------------------------------------------------------------
[96m[CASE]19:44:3-logs.py:63 >> Method Name: testCase07_handle_rows, Class Name: RequestNotes
[96m[CASE]19:44:3-logs.py:64 >> Test Description:æŸ¥è¯¢é¦–é¡µä¾¿ç­¾æŽ¥å£ï¼ŒHandleå±‚rowsæ•°å€¼é™åˆ¶ï¼šæ–°å»ºä¸¤æ¡ä¾¿ç­¾Aã€Bï¼ŒæŸ¥è¯¢æ—¶ä¼ å…¥rowsä¸º1,æœŸæœ›è¿”å›žä¾¿ç­¾Bæ•°æ®
[96m[CASE]19:44:3-logs.py:62 >> -------------------------------------------------------------
[96m[CASE]19:44:3-logs.py:63 >> Method Name: testCase08_handle_rows, Class Name: RequestNotes
[96m[CASE]19:44:3-logs.py:64 >> Test Description:æŸ¥è¯¢é¦–é¡µä¾¿ç­¾æŽ¥å£ï¼ŒHandleå±‚rowsæ•°å€¼é™åˆ¶ï¼šæ–°å»ºä¸¤æ¡ä¾¿ç­¾Aã€Bï¼ŒæŸ¥è¯¢æ—¶ä¼ å…¥rowsä¸º2,æœŸæœ›è¿”å›žä¾¿ç­¾Aã€Bæ•°æ®
[96m[CASE]19:44:3-logs.py:62 >> -------------------------------------------------------------
[96m[CASE]19:44:3-logs.py:63 >> Method Name: testCase09_handle_rows, Class Name: RequestNotes
[96m[CASE]19:44:3-logs.py:64 >> Test Description:æŸ¥è¯¢é¦–é¡µä¾¿ç­¾æŽ¥å£ï¼ŒHandleå±‚rowsæ•°å€¼é™åˆ¶ï¼šæ–°å»ºä¸¤æ¡ä¾¿ç­¾Aã€Bï¼ŒæŸ¥è¯¢æ—¶ä¼ å…¥rowsä¸º1000,æœŸæœ›è¿”å›žä¾¿ç­¾Aã€Bæ•°æ®
[96m[CASE]19:44:4-logs.py:62 >> -------------------------------------------------------------
[96m[CASE]19:44:4-logs.py:63 >> Method Name: testCase11_handle_status, Class Name: RequestNotes
[96m[CASE]19:44:4-logs.py:64 >> Test Description:æŸ¥è¯¢ä¾¿ç­¾æŽ¥å£ï¼Œhandleå±‚çŠ¶æ€è½¬å˜ï¼šæ–°å»ºä¸€æ¡ä¾¿ç­¾Aç„¶åŽåˆ é™¤ï¼ŒæœŸæœ›ï¼šæŸ¥è¯¢æ—¶è¿”å›ž0æ¡æ•°æ®
[96m[CASE]19:44:4-logs.py:62 >> -------------------------------------------------------------
[96m[CASE]19:44:4-logs.py:63 >> Method Name: testCase12_handle_status, Class Name: RequestNotes
[96m[CASE]19:44:4-logs.py:64 >> Test Description:æŸ¥è¯¢ä¾¿ç­¾æŽ¥å£ï¼Œhandleå±‚çŠ¶æ€è½¬å˜ï¼šæ–°å»ºä¸€æ¡ä¾¿ç­¾Aå¹¶ç§»åŠ¨åˆ°åˆ†ç»„ä¸­ï¼ŒæœŸæœ›ï¼šæŸ¥è¯¢æ—¶è¿”å›ž0æ¡æ•°æ®
[96m[CASE]19:44:4-logs.py:62 >> -------------------------------------------------------------
[96m[CASE]19:44:4-logs.py:63 >> Method Name: testCase13_input_must_key, Class Name: RequestNotes
[96m[CASE]19:44:4-logs.py:64 >> Test Description:æŸ¥è¯¢ä¾¿ç­¾æŽ¥å£ï¼Œinputå¿…å¡«é¡¹ï¼šuseridä¼ å…¥None
[96m[CASE]19:44:5-logs.py:62 >> -------------------------------------------------------------
[96m[CASE]19:44:5-logs.py:63 >> Method Name: testCase14_input_must_key, Class Name: RequestNotes
[96m[CASE]19:44:5-logs.py:64 >> Test Description:æŸ¥è¯¢ä¾¿ç­¾æŽ¥å£ï¼Œinputå¿…å¡«é¡¹ï¼šuseridä¼ å…¥ç©ºå­—ç¬¦ä¸²
[96m[CASE]19:44:5-logs.py:62 >> -------------------------------------------------------------
[96m[CASE]19:44:5-logs.py:63 >> Method Name: testCase15_input_must_key, Class Name: RequestNotes
[96m[CASE]19:44:5-logs.py:64 >> Test Description:æŸ¥è¯¢ä¾¿ç­¾æŽ¥å£ï¼Œinputå¿…å¡«é¡¹ï¼šuseridç¼ºå¤±
[96m[CASE]19:44:5-logs.py:62 >> -------------------------------------------------------------
[96m[CASE]19:44:5-logs.py:63 >> Method Name: testCase16_input_type, Class Name: RequestNotes
[96m[CASE]19:44:5-logs.py:64 >> Test Description:æŸ¥è¯¢ä¾¿ç­¾æŽ¥å£ï¼Œinputç±»åž‹æ ¡éªŒï¼šuseridé•¿åº¦è¶…å‡º
[96m[CASE]19:44:5-logs.py:62 >> -------------------------------------------------------------
[96m[CASE]19:44:5-logs.py:63 >> Method Name: testCase17_input_type, Class Name: RequestNotes
[96m[CASE]19:44:5-logs.py:64 >> Test Description:æŸ¥è¯¢ä¾¿ç­¾æŽ¥å£ï¼Œinputç±»åž‹æ ¡éªŒï¼šuseridé•¿åº¦ä¸è¶³
[96m[CASE]19:45:0-logs.py:62 >> -------------------------------------------------------------
[96m[CASE]19:45:0-logs.py:63 >> Method Name: testCase18_input_type, Class Name: RequestNotes
[96m[CASE]19:45:0-logs.py:64 >> Test Description:æŸ¥è¯¢ä¾¿ç­¾æŽ¥å£ï¼Œinputç±»åž‹æ ¡éªŒï¼šuseridä¸º0
[96m[CASE]19:45:0-logs.py:62 >> -------------------------------------------------------------
[96m[CASE]19:45:0-logs.py:63 >> Method Name: testCase19_input_type, Class Name: RequestNotes
[96m[CASE]19:45:0-logs.py:64 >> Test Description:æŸ¥è¯¢ä¾¿ç­¾æŽ¥å£ï¼Œinputç±»åž‹æ ¡éªŒï¼šuseridä¸º-1
[96m[CASE]19:45:0-logs.py:62 >> -------------------------------------------------------------
[96m[CASE]19:45:0-logs.py:63 >> Method Name: testCase20_input_type, Class Name: RequestNotes
[96m[CASE]19:45:0-logs.py:64 >> Test Description:æŸ¥è¯¢ä¾¿ç­¾æŽ¥å£ï¼Œinputç±»åž‹æ ¡éªŒï¼šuseridä¸ºå°æ•°2.5
[96m[CASE]20:00:5-logs.py:62 >> -------------------------------------------------------------
[96m[CASE]20:00:5-logs.py:63 >> Method Name: testCase01_major, Class Name: NoteContentCreateMajor
[96m[CASE]20:00:5-logs.py:64 >> Test Description:ä¸Šä¼ /æ›´æ–°ä¾¿ç­¾å†…å®¹æŽ¥å£ï¼Œ ä¸»æµç¨‹ï¼šä¸Šä¼ æ™®é€šä¾¿ç­¾å†…å®¹
[INFO]20:00:5-BusinessRe.py:14 >> request url: http://note-api.wps.cn/v3/notesvr/set/notecontent
[INFO]20:00:5-BusinessRe.py:15 >> request headers: {'Cookie': 'wps_sid=V02SLhq3OBmoksCi_G89b13NGYSK8bo00a6f3d6f0016adde65', 'X-user-key': '380493413', 'Content-Type': 'application/json'}
[INFO]20:00:5-BusinessRe.py:16 >> request body: {'title': 'test', 'summary': 'test', 'body': 'test', 'localContentVersion': 0, 'noteId': '1731844855517', 'bodyType': 0}
[INFO]20:00:5-BusinessRe.py:22 >> response code: 200
[INFO]20:00:5-BusinessRe.py:23 >> response body: {"responseTime":34,"contentVersion":1,"contentUpdateTime":1731844859603}
[INFO]20:00:5-BusinessRe.py:14 >> request url: http://note-api.wps.cn/v3/notesvr/get/notebody
[INFO]20:00:5-BusinessRe.py:15 >> request headers: {'Cookie': 'wps_sid=V02SLhq3OBmoksCi_G89b13NGYSK8bo00a6f3d6f0016adde65', 'X-user-key': '380493413', 'Content-Type': 'application/json'}
[INFO]20:00:5-BusinessRe.py:16 >> request body: {'noteIds': ['1731844855517']}
[INFO]20:00:5-BusinessRe.py:22 >> response code: 200
[INFO]20:00:5-BusinessRe.py:23 >> response body: {"responseTime":27,"noteBodies":[{"summary":"test","noteId":"1731844855517","infoNoteId":"1731844855517","bodyType":0,"body":"test","contentVersion":1,"contentUpdateTime":1731844859603,"title":"test","valid":1}]}
[96m[CASE]20:00:5-logs.py:68 >> Case run time: 0.51s
[96m[CASE]20:00:5-logs.py:62 >> -------------------------------------------------------------
[96m[CASE]20:00:5-logs.py:63 >> Method Name: testCase02_major, Class Name: NoteContentCreateMajor
[96m[CASE]20:00:5-logs.py:64 >> Test Description:ä¸Šä¼ /æ›´æ–°ä¾¿ç­¾å†…å®¹æŽ¥å£ï¼Œ ä¸»æµç¨‹ï¼šä¸Šä¼ æ—¥åŽ†ä¾¿ç­¾å†…å®¹
[INFO]20:00:5-BusinessRe.py:14 >> request url: http://note-api.wps.cn/v3/notesvr/set/notecontent
[INFO]20:00:5-BusinessRe.py:15 >> request headers: {'Cookie': 'wps_sid=V02SLhq3OBmoksCi_G89b13NGYSK8bo00a6f3d6f0016adde65', 'X-user-key': '380493413', 'Content-Type': 'application/json'}
[INFO]20:00:5-BusinessRe.py:16 >> request body: {'title': 'test', 'summary': 'test', 'body': 'test', 'localContentVersion': 0, 'noteId': '1731844858512', 'bodyType': 0}
[INFO]20:00:5-BusinessRe.py:22 >> response code: 200
[INFO]20:00:5-BusinessRe.py:23 >> response body: {"responseTime":32,"contentVersion":1,"contentUpdateTime":1731844862572}
[INFO]20:00:5-BusinessRe.py:14 >> request url: http://note-api.wps.cn/v3/notesvr/get/notebody
[INFO]20:00:5-BusinessRe.py:15 >> request headers: {'Cookie': 'wps_sid=V02SLhq3OBmoksCi_G89b13NGYSK8bo00a6f3d6f0016adde65', 'X-user-key': '380493413', 'Content-Type': 'application/json'}
[INFO]20:00:5-BusinessRe.py:16 >> request body: {'noteIds': ['1731844858512']}
[INFO]20:00:5-BusinessRe.py:22 >> response code: 200
[INFO]20:00:5-BusinessRe.py:23 >> response body: {"responseTime":24,"noteBodies":[{"summary":"test","noteId":"1731844858512","infoNoteId":"1731844858512","bodyType":0,"body":"test","contentVersion":1,"contentUpdateTime":1731844862572,"title":"test","valid":1}]}
[96m[CASE]20:00:5-logs.py:68 >> Case run time: 0.47s
[96m[CASE]20:01:0-logs.py:62 >> -------------------------------------------------------------
[96m[CASE]20:01:0-logs.py:63 >> Method Name: testCase03_major, Class Name: NoteContentCreateMajor
[96m[CASE]20:01:0-logs.py:64 >> Test Description:ä¸Šä¼ /æ›´æ–°ä¾¿ç­¾å†…å®¹æŽ¥å£ï¼Œ ä¸»æµç¨‹ï¼šä¸Šä¼ åˆ†ç»„ä¾¿ç­¾å†…å®¹
[INFO]20:01:0-BusinessRe.py:14 >> request url: http://note-api.wps.cn/v3/notesvr/set/notecontent
[INFO]20:01:0-BusinessRe.py:15 >> request headers: {'Cookie': 'wps_sid=V02SLhq3OBmoksCi_G89b13NGYSK8bo00a6f3d6f0016adde65', 'X-user-key': '380493413', 'Content-Type': 'application/json'}
[INFO]20:01:0-BusinessRe.py:16 >> request body: {'title': 'test', 'summary': 'test', 'body': 'test', 'localContentVersion': 0, 'noteId': '1731844861565', 'bodyType': 0}
[INFO]20:01:0-BusinessRe.py:22 >> response code: 200
[INFO]20:01:0-BusinessRe.py:23 >> response body: {"responseTime":37,"contentVersion":1,"contentUpdateTime":1731844865665}
[INFO]20:01:0-BusinessRe.py:14 >> request url: http://note-api.wps.cn/v3/notesvr/get/notebody
[INFO]20:01:0-BusinessRe.py:15 >> request headers: {'Cookie': 'wps_sid=V02SLhq3OBmoksCi_G89b13NGYSK8bo00a6f3d6f0016adde65', 'X-user-key': '380493413', 'Content-Type': 'application/json'}
[INFO]20:01:0-BusinessRe.py:16 >> request body: {'noteIds': ['1731844861565']}
[INFO]20:01:0-BusinessRe.py:22 >> response code: 200
[INFO]20:01:0-BusinessRe.py:23 >> response body: {"responseTime":23,"noteBodies":[{"summary":"test","noteId":"1731844861565","infoNoteId":"1731844861565","bodyType":0,"body":"test","contentVersion":1,"contentUpdateTime":1731844865665,"title":"test","valid":1}]}
[96m[CASE]20:01:0-logs.py:68 >> Case run time: 0.45s
[96m[CASE]20:01:0-logs.py:62 >> -------------------------------------------------------------
[96m[CASE]20:01:0-logs.py:63 >> Method Name: testCase04_major, Class Name: NoteContentCreateMajor
[96m[CASE]20:01:0-logs.py:64 >> Test Description:ä¸Šä¼ /æ›´æ–°ä¾¿ç­¾å†…å®¹æŽ¥å£ï¼Œ ä¸»æµç¨‹ï¼šæ›´æ–°æ™®é€šä¾¿ç­¾å†…å®¹
[INFO]20:01:0-BusinessRe.py:14 >> request url: http://note-api.wps.cn/v3/notesvr/set/notecontent
[INFO]20:01:0-BusinessRe.py:15 >> request headers: {'Cookie': 'wps_sid=V02SLhq3OBmoksCi_G89b13NGYSK8bo00a6f3d6f0016adde65', 'X-user-key': '380493413', 'Content-Type': 'application/json'}
[INFO]20:01:0-BusinessRe.py:16 >> request body: {'title': 'test1', 'summary': 'test1', 'body': 'test1', 'localContentVersion': 1, 'noteId': '1731844864406', 'bodyType': 0}
[INFO]20:01:0-BusinessRe.py:22 >> response code: 200
[INFO]20:01:0-BusinessRe.py:23 >> response body: {"responseTime":30,"contentVersion":2,"contentUpdateTime":1731844868575}
[INFO]20:01:0-BusinessRe.py:14 >> request url: http://note-api.wps.cn/v3/notesvr/get/notebody
[INFO]20:01:0-BusinessRe.py:15 >> request headers: {'Cookie': 'wps_sid=V02SLhq3OBmoksCi_G89b13NGYSK8bo00a6f3d6f0016adde65', 'X-user-key': '380493413', 'Content-Type': 'application/json'}
[INFO]20:01:0-BusinessRe.py:16 >> request body: {'noteIds': ['1731844864406']}
[INFO]20:01:0-BusinessRe.py:22 >> response code: 200
[INFO]20:01:0-BusinessRe.py:23 >> response body: {"responseTime":28,"noteBodies":[{"summary":"test1","noteId":"1731844864406","infoNoteId":"1731844864406","bodyType":0,"body":"test1","contentVersion":2,"contentUpdateTime":1731844868575,"title":"test1","valid":1}]}
[96m[CASE]20:01:0-logs.py:68 >> Case run time: 0.58s
[96m[CASE]20:01:0-logs.py:62 >> -------------------------------------------------------------
[96m[CASE]20:01:0-logs.py:63 >> Method Name: testCase05_major, Class Name: NoteContentCreateMajor
[96m[CASE]20:01:0-logs.py:64 >> Test Description:ä¸Šä¼ /æ›´æ–°ä¾¿ç­¾å†…å®¹æŽ¥å£ï¼Œ ä¸»æµç¨‹ï¼šæ›´æ–°æ—¥åŽ†ä¾¿ç­¾å†…å®¹
[INFO]20:01:0-BusinessRe.py:14 >> request url: http://note-api.wps.cn/v3/notesvr/set/notecontent
[INFO]20:01:0-BusinessRe.py:15 >> request headers: {'Cookie': 'wps_sid=V02SLhq3OBmoksCi_G89b13NGYSK8bo00a6f3d6f0016adde65', 'X-user-key': '380493413', 'Content-Type': 'application/json'}
[INFO]20:01:0-BusinessRe.py:16 >> request body: {'title': 'test1', 'summary': 'test1', 'body': 'test1', 'localContentVersion': 1, 'noteId': '1731844867468', 'bodyType': 0}
[INFO]20:01:0-BusinessRe.py:22 >> response code: 200
[INFO]20:01:0-BusinessRe.py:23 >> response body: {"responseTime":29,"contentVersion":2,"contentUpdateTime":1731844871621}
[INFO]20:01:0-BusinessRe.py:14 >> request url: http://note-api.wps.cn/v3/notesvr/get/notebody
[INFO]20:01:0-BusinessRe.py:15 >> request headers: {'Cookie': 'wps_sid=V02SLhq3OBmoksCi_G89b13NGYSK8bo00a6f3d6f0016adde65', 'X-user-key': '380493413', 'Content-Type': 'application/json'}
[INFO]20:01:0-BusinessRe.py:16 >> request body: {'noteIds': ['1731844867468']}
[INFO]20:01:0-BusinessRe.py:22 >> response code: 200
[INFO]20:01:0-BusinessRe.py:23 >> response body: {"responseTime":23,"noteBodies":[{"summary":"test1","noteId":"1731844867468","infoNoteId":"1731844867468","bodyType":0,"body":"test1","contentVersion":2,"contentUpdateTime":1731844871621,"title":"test1","valid":1}]}
[96m[CASE]20:01:0-logs.py:68 >> Case run time: 0.54s
[96m[CASE]20:01:1-logs.py:62 >> -------------------------------------------------------------
[96m[CASE]20:01:1-logs.py:63 >> Method Name: testCase06_major, Class Name: NoteContentCreateMajor
[96m[CASE]20:01:1-logs.py:64 >> Test Description:ä¸Šä¼ /æ›´æ–°ä¾¿ç­¾å†…å®¹æŽ¥å£ï¼Œ ä¸»æµç¨‹ï¼šæ›´æ–°åˆ†ç»„ä¾¿ç­¾å†…å®¹
[INFO]20:01:1-BusinessRe.py:14 >> request url: http://note-api.wps.cn/v3/notesvr/set/notecontent
[INFO]20:01:1-BusinessRe.py:15 >> request headers: {'Cookie': 'wps_sid=V02SLhq3OBmoksCi_G89b13NGYSK8bo00a6f3d6f0016adde65', 'X-user-key': '380493413', 'Content-Type': 'application/json'}
[INFO]20:01:1-BusinessRe.py:16 >> request body: {'title': 'test1', 'summary': 'test1', 'body': 'test1', 'localContentVersion': 1, 'noteId': '1731844870662', 'bodyType': 0}
[INFO]20:01:1-BusinessRe.py:22 >> response code: 200
[INFO]20:01:1-BusinessRe.py:23 >> response body: {"responseTime":28,"contentVersion":2,"contentUpdateTime":1731844874813}
[INFO]20:01:1-BusinessRe.py:14 >> request url: http://note-api.wps.cn/v3/notesvr/get/notebody
[INFO]20:01:1-BusinessRe.py:15 >> request headers: {'Cookie': 'wps_sid=V02SLhq3OBmoksCi_G89b13NGYSK8bo00a6f3d6f0016adde65', 'X-user-key': '380493413', 'Content-Type': 'application/json'}
[INFO]20:01:1-BusinessRe.py:16 >> request body: {'noteIds': ['1731844870662']}
[INFO]20:01:1-BusinessRe.py:22 >> response code: 200
[INFO]20:01:1-BusinessRe.py:23 >> response body: {"responseTime":22,"noteBodies":[{"summary":"test1","noteId":"1731844870662","infoNoteId":"1731844870662","bodyType":0,"body":"test1","contentVersion":2,"contentUpdateTime":1731844874813,"title":"test1","valid":1}]}
[96m[CASE]20:01:1-logs.py:68 >> Case run time: 0.54s
[96m[CASE]20:01:1-logs.py:62 >> -------------------------------------------------------------
[96m[CASE]20:01:1-logs.py:63 >> Method Name: testCase010_handle_over_permission, Class Name: RequestNotes
[96m[CASE]20:01:1-logs.py:64 >> Test Description:æŸ¥è¯¢ä¾¿ç­¾æŽ¥å£ï¼Œhandleå±‚è¶Šæƒï¼šç”¨æˆ·Aæ–°å»º1æ¡ä¾¿ç­¾Aï¼Œç”¨æˆ·BæŸ¥è¯¢
[96m[CASE]20:01:1-logs.py:62 >> -------------------------------------------------------------
[96m[CASE]20:01:1-logs.py:63 >> Method Name: testCase01_major, Class Name: RequestNotes
[96m[CASE]20:01:1-logs.py:64 >> Test Description:æŸ¥è¯¢é¦–é¡µä¾¿ç­¾æŽ¥å£ï¼Œä¸»æµç¨‹ï¼šæ–°å»ºä¸€æ¡ä¾¿ç­¾Aç„¶åŽæŸ¥è¯¢
[96m[CASE]20:01:1-logs.py:62 >> -------------------------------------------------------------
[96m[CASE]20:01:1-logs.py:63 >> Method Name: testCase02_major, Class Name: RequestNotes
[96m[CASE]20:01:1-logs.py:64 >> Test Description:æŸ¥è¯¢é¦–é¡µä¾¿ç­¾æŽ¥å£ï¼Œä¸»æµç¨‹ï¼šæ— æ•°æ®æ—¶æŸ¥è¯¢ï¼ŒæœŸæœ›è¿”å›ž0æ¡æ•°æ®
[96m[CASE]20:01:2-logs.py:62 >> -------------------------------------------------------------
[96m[CASE]20:01:2-logs.py:63 >> Method Name: testCase03_handle_startindex, Class Name: RequestNotes
[96m[CASE]20:01:2-logs.py:64 >> Test Description:æŸ¥è¯¢é¦–é¡µä¾¿ç­¾æŽ¥å£ï¼ŒHandleå±‚startindexæ•°å€¼é™åˆ¶ï¼šæ–°å»ºä¸¤æ¡ä¾¿ç­¾Aã€Bï¼ŒæŸ¥è¯¢æ—¶ä¼ å…¥startindexä¸º1,æœŸæœ›è¿”å›žä¾¿ç­¾Açš„æ•°æ®
[96m[CASE]20:01:2-logs.py:62 >> -------------------------------------------------------------
[96m[CASE]20:01:2-logs.py:63 >> Method Name: testCase04_handle_startindex, Class Name: RequestNotes
[96m[CASE]20:01:2-logs.py:64 >> Test Description:æŸ¥è¯¢é¦–é¡µä¾¿ç­¾æŽ¥å£ï¼ŒHandleå±‚startindexæ•°å€¼é™åˆ¶ï¼šæ–°å»ºä¸¤æ¡ä¾¿ç­¾Aã€Bï¼ŒæŸ¥è¯¢æ—¶ä¼ å…¥startindexä¸º5,æœŸæœ›è¿”å›ž0æ¡ä¾¿ç­¾æ•°æ®
[96m[CASE]20:01:2-logs.py:62 >> -------------------------------------------------------------
[96m[CASE]20:01:2-logs.py:63 >> Method Name: testCase05_handle_rows, Class Name: RequestNotes
[96m[CASE]20:01:2-logs.py:64 >> Test Description:æŸ¥è¯¢é¦–é¡µä¾¿ç­¾æŽ¥å£ï¼ŒHandleå±‚rowsæ•°å€¼é™åˆ¶ï¼šæ–°å»ºä¸¤æ¡ä¾¿ç­¾Aã€Bï¼ŒæŸ¥è¯¢æ—¶ä¼ å…¥rowsä¸º0,æœŸæœ›è¿”å›ž0æ¡ä¾¿ç­¾æ•°æ®
[96m[CASE]20:01:3-logs.py:62 >> -------------------------------------------------------------
[96m[CASE]20:01:3-logs.py:63 >> Method Name: testCase06_handle_rows, Class Name: RequestNotes
[96m[CASE]20:01:3-logs.py:64 >> Test Description:æŸ¥è¯¢é¦–é¡µä¾¿ç­¾æŽ¥å£ï¼ŒHandleå±‚rowsæ•°å€¼é™åˆ¶ï¼šæ–°å»ºä¸¤æ¡ä¾¿ç­¾Aã€Bï¼ŒæŸ¥è¯¢æ—¶ä¼ å…¥rowsä¸º0,æœŸæœ›è¿”å›ž0æ¡ä¾¿ç­¾æ•°æ®
[96m[CASE]20:01:3-logs.py:62 >> -------------------------------------------------------------
[96m[CASE]20:01:3-logs.py:63 >> Method Name: testCase07_handle_rows, Class Name: RequestNotes
[96m[CASE]20:01:3-logs.py:64 >> Test Description:æŸ¥è¯¢é¦–é¡µä¾¿ç­¾æŽ¥å£ï¼ŒHandleå±‚rowsæ•°å€¼é™åˆ¶ï¼šæ–°å»ºä¸¤æ¡ä¾¿ç­¾Aã€Bï¼ŒæŸ¥è¯¢æ—¶ä¼ å…¥rowsä¸º1,æœŸæœ›è¿”å›žä¾¿ç­¾Bæ•°æ®
[96m[CASE]20:01:3-logs.py:62 >> -------------------------------------------------------------
[96m[CASE]20:01:3-logs.py:63 >> Method Name: testCase08_handle_rows, Class Name: RequestNotes
[96m[CASE]20:01:3-logs.py:64 >> Test Description:æŸ¥è¯¢é¦–é¡µä¾¿ç­¾æŽ¥å£ï¼ŒHandleå±‚rowsæ•°å€¼é™åˆ¶ï¼šæ–°å»ºä¸¤æ¡ä¾¿ç­¾Aã€Bï¼ŒæŸ¥è¯¢æ—¶ä¼ å…¥rowsä¸º2,æœŸæœ›è¿”å›žä¾¿ç­¾Aã€Bæ•°æ®
[96m[CASE]20:01:4-logs.py:62 >> -------------------------------------------------------------
[96m[CASE]20:01:4-logs.py:63 >> Method Name: testCase09_handle_rows, Class Name: RequestNotes
[96m[CASE]20:01:4-logs.py:64 >> Test Description:æŸ¥è¯¢é¦–é¡µä¾¿ç­¾æŽ¥å£ï¼ŒHandleå±‚rowsæ•°å€¼é™åˆ¶ï¼šæ–°å»ºä¸¤æ¡ä¾¿ç­¾Aã€Bï¼ŒæŸ¥è¯¢æ—¶ä¼ å…¥rowsä¸º1000,æœŸæœ›è¿”å›žä¾¿ç­¾Aã€Bæ•°æ®
[96m[CASE]20:01:4-logs.py:62 >> -------------------------------------------------------------
[96m[CASE]20:01:4-logs.py:63 >> Method Name: testCase11_handle_status, Class Name: RequestNotes
[96m[CASE]20:01:4-logs.py:64 >> Test Description:æŸ¥è¯¢ä¾¿ç­¾æŽ¥å£ï¼Œhandleå±‚çŠ¶æ€è½¬å˜ï¼šæ–°å»ºä¸€æ¡ä¾¿ç­¾Aç„¶åŽåˆ é™¤ï¼ŒæœŸæœ›ï¼šæŸ¥è¯¢æ—¶è¿”å›ž0æ¡æ•°æ®
[96m[CASE]20:01:4-logs.py:62 >> -------------------------------------------------------------
[96m[CASE]20:01:4-logs.py:63 >> Method Name: testCase12_handle_status, Class Name: RequestNotes
[96m[CASE]20:01:4-logs.py:64 >> Test Description:æŸ¥è¯¢ä¾¿ç­¾æŽ¥å£ï¼Œhandleå±‚çŠ¶æ€è½¬å˜ï¼šæ–°å»ºä¸€æ¡ä¾¿ç­¾Aå¹¶ç§»åŠ¨åˆ°åˆ†ç»„ä¸­ï¼ŒæœŸæœ›ï¼šæŸ¥è¯¢æ—¶è¿”å›ž0æ¡æ•°æ®
[96m[CASE]20:01:5-logs.py:62 >> -------------------------------------------------------------
[96m[CASE]20:01:5-logs.py:63 >> Method Name: testCase13_input_must_key, Class Name: RequestNotes
[96m[CASE]20:01:5-logs.py:64 >> Test Description:æŸ¥è¯¢ä¾¿ç­¾æŽ¥å£ï¼Œinputå¿…å¡«é¡¹ï¼šuseridä¼ å…¥None
[96m[CASE]20:01:5-logs.py:62 >> -------------------------------------------------------------
[96m[CASE]20:01:5-logs.py:63 >> Method Name: testCase14_input_must_key, Class Name: RequestNotes
[96m[CASE]20:01:5-logs.py:64 >> Test Description:æŸ¥è¯¢ä¾¿ç­¾æŽ¥å£ï¼Œinputå¿…å¡«é¡¹ï¼šuseridä¼ å…¥ç©ºå­—ç¬¦ä¸²
[96m[CASE]20:01:5-logs.py:62 >> -------------------------------------------------------------
[96m[CASE]20:01:5-logs.py:63 >> Method Name: testCase15_input_must_key, Class Name: RequestNotes
[96m[CASE]20:01:5-logs.py:64 >> Test Description:æŸ¥è¯¢ä¾¿ç­¾æŽ¥å£ï¼Œinputå¿…å¡«é¡¹ï¼šuseridç¼ºå¤±
[96m[CASE]20:01:5-logs.py:62 >> -------------------------------------------------------------
[96m[CASE]20:01:5-logs.py:63 >> Method Name: testCase16_input_type, Class Name: RequestNotes
[96m[CASE]20:01:5-logs.py:64 >> Test Description:æŸ¥è¯¢ä¾¿ç­¾æŽ¥å£ï¼Œinputç±»åž‹æ ¡éªŒï¼šuseridé•¿åº¦è¶…å‡º
[96m[CASE]20:02:0-logs.py:62 >> -------------------------------------------------------------
[96m[CASE]20:02:0-logs.py:63 >> Method Name: testCase17_input_type, Class Name: RequestNotes
[96m[CASE]20:02:0-logs.py:64 >> Test Description:æŸ¥è¯¢ä¾¿ç­¾æŽ¥å£ï¼Œinputç±»åž‹æ ¡éªŒï¼šuseridé•¿åº¦ä¸è¶³
[96m[CASE]20:02:0-logs.py:62 >> -------------------------------------------------------------
[96m[CASE]20:02:0-logs.py:63 >> Method Name: testCase18_input_type, Class Name: RequestNotes
[96m[CASE]20:02:0-logs.py:64 >> Test Description:æŸ¥è¯¢ä¾¿ç­¾æŽ¥å£ï¼Œinputç±»åž‹æ ¡éªŒï¼šuseridä¸º0
[96m[CASE]20:02:0-logs.py:62 >> -------------------------------------------------------------
[96m[CASE]20:02:0-logs.py:63 >> Method Name: testCase19_input_type, Class Name: RequestNotes
[96m[CASE]20:02:0-logs.py:64 >> Test Description:æŸ¥è¯¢ä¾¿ç­¾æŽ¥å£ï¼Œinputç±»åž‹æ ¡éªŒï¼šuseridä¸º-1
[96m[CASE]20:02:0-logs.py:62 >> -------------------------------------------------------------
[96m[CASE]20:02:0-logs.py:63 >> Method Name: testCase20_input_type, Class Name: RequestNotes
[96m[CASE]20:02:0-logs.py:64 >> Test Description:æŸ¥è¯¢ä¾¿ç­¾æŽ¥å£ï¼Œinputç±»åž‹æ ¡éªŒï¼šuseridä¸ºå°æ•°2.5
[96m[CASE]20:23:2-logs.py:62 >> -------------------------------------------------------------
[96m[CASE]20:23:2-logs.py:63 >> Method Name: testCase06_NoteContentCreate_major, Class Name: NoteContentCreateMajor
[96m[CASE]20:23:2-logs.py:64 >> Test Description:ä¸Šä¼ /æ›´æ–°ä¾¿ç­¾å†…å®¹æŽ¥å£ï¼Œ ä¸»æµç¨‹ï¼šæ›´æ–°åˆ†ç»„ä¾¿ç­¾å†…å®¹
[INFO]20:23:2-BusinessRe.py:14 >> request url: http://note-api.wps.cn/v3/notesvr/set/notecontent
[INFO]20:23:2-BusinessRe.py:15 >> request headers: {'Cookie': 'wps_sid=V02SLhq3OBmoksCi_G89b13NGYSK8bo00a6f3d6f0016adde65', 'X-user-key': '380493413', 'Content-Type': 'application/json'}
[INFO]20:23:2-BusinessRe.py:16 >> request body: {'title': 'test1', 'summary': 'test1', 'body': 'test1', 'localContentVersion': 1, 'noteId': '1731846203514', 'bodyType': 0}
[INFO]20:23:2-BusinessRe.py:22 >> response code: 200
[INFO]20:23:2-BusinessRe.py:23 >> response body: {"responseTime":28,"contentVersion":2,"contentUpdateTime":1731846203929}
[INFO]20:23:2-BusinessRe.py:14 >> request url: http://note-api.wps.cn/v3/notesvr/get/notebody
[INFO]20:23:2-BusinessRe.py:15 >> request headers: {'Cookie': 'wps_sid=V02SLhq3OBmoksCi_G89b13NGYSK8bo00a6f3d6f0016adde65', 'X-user-key': '380493413', 'Content-Type': 'application/json'}
[INFO]20:23:2-BusinessRe.py:16 >> request body: {'noteIds': ['1731846203514']}
[INFO]20:23:2-BusinessRe.py:22 >> response code: 200
[INFO]20:23:2-BusinessRe.py:23 >> response body: {"responseTime":27,"noteBodies":[{"summary":"test1","noteId":"1731846203514","infoNoteId":"1731846203514","bodyType":0,"body":"test1","contentVersion":2,"contentUpdateTime":1731846203929,"title":"test1","valid":1}]}
[96m[CASE]20:23:2-logs.py:68 >> Case run time: 0.65s
[96m[CASE]20:30:5-logs.py:62 >> -------------------------------------------------------------
[96m[CASE]20:30:5-logs.py:63 >> Method Name: testCase01_NoteContentCreate_input_0_noteId, Class Name: NoteContentCreateInput
[96m[CASE]20:30:5-logs.py:64 >> Test Description:ä¸Šä¼ /æ›´æ–°ä¾¿ç­¾å†…å®¹æŽ¥å£ï¼Œå¿…å¡«é¡¹ç¼ºå¤± [with key='noteId']
[96m[CASE]20:30:5-logs.py:68 >> Case run time: 0.11s
[96m[CASE]20:30:5-logs.py:62 >> -------------------------------------------------------------
[96m[CASE]20:30:5-logs.py:63 >> Method Name: testCase01_NoteContentCreate_input_1_title, Class Name: NoteContentCreateInput
[96m[CASE]20:30:5-logs.py:64 >> Test Description:ä¸Šä¼ /æ›´æ–°ä¾¿ç­¾å†…å®¹æŽ¥å£ï¼Œå¿…å¡«é¡¹ç¼ºå¤± [with key='title']
[96m[CASE]20:30:5-logs.py:68 >> Case run time: 0.01s
[96m[CASE]20:30:5-logs.py:62 >> -------------------------------------------------------------
[96m[CASE]20:30:5-logs.py:63 >> Method Name: testCase01_NoteContentCreate_input_2_body, Class Name: NoteContentCreateInput
[96m[CASE]20:30:5-logs.py:64 >> Test Description:ä¸Šä¼ /æ›´æ–°ä¾¿ç­¾å†…å®¹æŽ¥å£ï¼Œå¿…å¡«é¡¹ç¼ºå¤± [with key='body']
[96m[CASE]20:30:5-logs.py:68 >> Case run time: 0.01s
[96m[CASE]20:31:0-logs.py:62 >> -------------------------------------------------------------
[96m[CASE]20:31:0-logs.py:63 >> Method Name: testCase01_NoteContentCreate_input_3_summary, Class Name: NoteContentCreateInput
[96m[CASE]20:31:0-logs.py:64 >> Test Description:ä¸Šä¼ /æ›´æ–°ä¾¿ç­¾å†…å®¹æŽ¥å£ï¼Œå¿…å¡«é¡¹ç¼ºå¤± [with key='summary']
[96m[CASE]20:31:0-logs.py:68 >> Case run time: 0.01s
[96m[CASE]20:31:0-logs.py:62 >> -------------------------------------------------------------
[96m[CASE]20:31:0-logs.py:63 >> Method Name: testCase01_NoteContentCreate_input_4_localContentVersion, Class Name: NoteContentCreateInput
[96m[CASE]20:31:0-logs.py:64 >> Test Description:ä¸Šä¼ /æ›´æ–°ä¾¿ç­¾å†…å®¹æŽ¥å£ï¼Œå¿…å¡«é¡¹ç¼ºå¤± [with key='localContentVersion']
[96m[CASE]20:31:0-logs.py:68 >> Case run time: 0.01s
[96m[CASE]20:31:0-logs.py:62 >> -------------------------------------------------------------
[96m[CASE]20:31:0-logs.py:63 >> Method Name: testCase01_NoteContentCreate_input_5_BodyType, Class Name: NoteContentCreateInput
[96m[CASE]20:31:0-logs.py:64 >> Test Description:ä¸Šä¼ /æ›´æ–°ä¾¿ç­¾å†…å®¹æŽ¥å£ï¼Œå¿…å¡«é¡¹ç¼ºå¤± [with key='BodyType']
[96m[CASE]20:31:0-logs.py:68 >> Case run time: 0.02s
[96m[CASE]20:31:3-logs.py:62 >> -------------------------------------------------------------
[96m[CASE]20:31:3-logs.py:63 >> Method Name: testCase01_NoteContentCreate_input_0_noteId, Class Name: NoteContentCreateInput
[96m[CASE]20:31:3-logs.py:64 >> Test Description:ä¸Šä¼ /æ›´æ–°ä¾¿ç­¾å†…å®¹æŽ¥å£ï¼Œå¿…å¡«é¡¹ç¼ºå¤± [with key='noteId']
[INFO]20:31:3-test_input.py:39 >> ç”¨æˆ·Aè¯·æ±‚ä¸Šä¼ ä¾¿ç­¾ä¸»ä½“æŽ¥å£
[INFO]20:31:3-BusinessRe.py:14 >> request url: http://note-api.wps.cn/v3/notesvr/set/notecontent
[INFO]20:31:3-BusinessRe.py:15 >> request headers: {'Cookie': 'wps_sid=V02SLhq3OBmoksCi_G89b13NGYSK8bo00a6f3d6f0016adde65', 'X-user-key': '380493413', 'Content-Type': 'application/json'}
[INFO]20:31:3-BusinessRe.py:16 >> request body: {'title': 'test', 'summary': 'test', 'body': 'test', 'localContentVersion': 0, 'bodyType': 0}
[INFO]20:31:3-BusinessRe.py:22 >> response code: 500
[INFO]20:31:3-BusinessRe.py:23 >> response body: {"errorCode":-7,"errorMsg":"å‚æ•°ä¸åˆæ³•ï¼"}
[91m[ERROR]20:31:3-general_assert.py:50 >> An error occurred: 0 != 2 : è¿”å›žä½“å­—æ®µé•¿åº¦ä¸ä¸€è‡´ï¼Œå®žé™…è¿”å›žçš„å­—æ®µæœ‰:['errorCode', 'errorMsg']
[91m[ERROR]20:31:3-general_assert.py:52 >> None
[96m[CASE]20:31:3-logs.py:68 >> Case run time: 0.36s
[96m[CASE]20:31:4-logs.py:62 >> -------------------------------------------------------------
[96m[CASE]20:31:4-logs.py:63 >> Method Name: testCase01_NoteContentCreate_input_1_title, Class Name: NoteContentCreateInput
[96m[CASE]20:31:4-logs.py:64 >> Test Description:ä¸Šä¼ /æ›´æ–°ä¾¿ç­¾å†…å®¹æŽ¥å£ï¼Œå¿…å¡«é¡¹ç¼ºå¤± [with key='title']
[INFO]20:31:4-test_input.py:39 >> ç”¨æˆ·Aè¯·æ±‚ä¸Šä¼ ä¾¿ç­¾ä¸»ä½“æŽ¥å£
[INFO]20:31:4-BusinessRe.py:14 >> request url: http://note-api.wps.cn/v3/notesvr/set/notecontent
[INFO]20:31:4-BusinessRe.py:15 >> request headers: {'Cookie': 'wps_sid=V02SLhq3OBmoksCi_G89b13NGYSK8bo00a6f3d6f0016adde65', 'X-user-key': '380493413', 'Content-Type': 'application/json'}
[INFO]20:31:4-BusinessRe.py:16 >> request body: {'summary': 'test', 'body': 'test', 'localContentVersion': 0, 'noteId': '1731846701070', 'bodyType': 0}
[INFO]20:31:4-BusinessRe.py:22 >> response code: 200
[INFO]20:31:4-BusinessRe.py:23 >> response body: {"responseTime":31,"contentVersion":1,"contentUpdateTime":1731846701433}
[91m[ERROR]20:31:4-general_assert.py:50 >> An error occurred: 500 != 200
[91m[ERROR]20:31:4-general_assert.py:52 >> None
[96m[CASE]20:31:4-logs.py:68 >> Case run time: 0.30s
[96m[CASE]20:31:4-logs.py:62 >> -------------------------------------------------------------
[96m[CASE]20:31:4-logs.py:63 >> Method Name: testCase01_NoteContentCreate_input_2_body, Class Name: NoteContentCreateInput
[96m[CASE]20:31:4-logs.py:64 >> Test Description:ä¸Šä¼ /æ›´æ–°ä¾¿ç­¾å†…å®¹æŽ¥å£ï¼Œå¿…å¡«é¡¹ç¼ºå¤± [with key='body']
[INFO]20:31:4-test_input.py:39 >> ç”¨æˆ·Aè¯·æ±‚ä¸Šä¼ ä¾¿ç­¾ä¸»ä½“æŽ¥å£
[INFO]20:31:4-BusinessRe.py:14 >> request url: http://note-api.wps.cn/v3/notesvr/set/notecontent
[INFO]20:31:4-BusinessRe.py:15 >> request headers: {'Cookie': 'wps_sid=V02SLhq3OBmoksCi_G89b13NGYSK8bo00a6f3d6f0016adde65', 'X-user-key': '380493413', 'Content-Type': 'application/json'}
[INFO]20:31:4-BusinessRe.py:16 >> request body: {'title': 'test', 'summary': 'test', 'localContentVersion': 0, 'noteId': '1731846704157', 'bodyType': 0}
[INFO]20:31:4-BusinessRe.py:22 >> response code: 412
[INFO]20:31:4-BusinessRe.py:23 >> response body: {"errorCode":-1012,"errorMsg":"Note body Requested!"}
[91m[ERROR]20:31:4-general_assert.py:50 >> An error occurred: 500 != 412
[91m[ERROR]20:31:4-general_assert.py:52 >> None
[96m[CASE]20:31:4-logs.py:68 >> Case run time: 0.36s
[96m[CASE]20:31:4-logs.py:62 >> -------------------------------------------------------------
[96m[CASE]20:31:4-logs.py:63 >> Method Name: testCase01_NoteContentCreate_input_3_summary, Class Name: NoteContentCreateInput
[96m[CASE]20:31:4-logs.py:64 >> Test Description:ä¸Šä¼ /æ›´æ–°ä¾¿ç­¾å†…å®¹æŽ¥å£ï¼Œå¿…å¡«é¡¹ç¼ºå¤± [with key='summary']
[INFO]20:31:4-test_input.py:39 >> ç”¨æˆ·Aè¯·æ±‚ä¸Šä¼ ä¾¿ç­¾ä¸»ä½“æŽ¥å£
[INFO]20:31:4-BusinessRe.py:14 >> request url: http://note-api.wps.cn/v3/notesvr/set/notecontent
[INFO]20:31:4-BusinessRe.py:15 >> request headers: {'Cookie': 'wps_sid=V02SLhq3OBmoksCi_G89b13NGYSK8bo00a6f3d6f0016adde65', 'X-user-key': '380493413', 'Content-Type': 'application/json'}
[INFO]20:31:4-BusinessRe.py:16 >> request body: {'title': 'test', 'body': 'test', 'localContentVersion': 0, 'noteId': '1731846707211', 'bodyType': 0}
[INFO]20:31:4-BusinessRe.py:22 >> response code: 200
[INFO]20:31:4-BusinessRe.py:23 >> response body: {"responseTime":43,"contentVersion":1,"contentUpdateTime":1731846707612}
[91m[ERROR]20:31:4-general_assert.py:50 >> An error occurred: 500 != 200
[91m[ERROR]20:31:4-general_assert.py:52 >> None
[96m[CASE]20:31:4-logs.py:68 >> Case run time: 0.41s
[96m[CASE]20:31:5-logs.py:62 >> -------------------------------------------------------------
[96m[CASE]20:31:5-logs.py:63 >> Method Name: testCase01_NoteContentCreate_input_4_localContentVersion, Class Name: NoteContentCreateInput
[96m[CASE]20:31:5-logs.py:64 >> Test Description:ä¸Šä¼ /æ›´æ–°ä¾¿ç­¾å†…å®¹æŽ¥å£ï¼Œå¿…å¡«é¡¹ç¼ºå¤± [with key='localContentVersion']
[INFO]20:31:5-test_input.py:39 >> ç”¨æˆ·Aè¯·æ±‚ä¸Šä¼ ä¾¿ç­¾ä¸»ä½“æŽ¥å£
[INFO]20:31:5-BusinessRe.py:14 >> request url: http://note-api.wps.cn/v3/notesvr/set/notecontent
[INFO]20:31:5-BusinessRe.py:15 >> request headers: {'Cookie': 'wps_sid=V02SLhq3OBmoksCi_G89b13NGYSK8bo00a6f3d6f0016adde65', 'X-user-key': '380493413', 'Content-Type': 'application/json'}
[INFO]20:31:5-BusinessRe.py:16 >> request body: {'title': 'test', 'summary': 'test', 'body': 'test', 'noteId': '1731846710949', 'bodyType': 0}
[INFO]20:31:5-BusinessRe.py:22 >> response code: 200
[INFO]20:31:5-BusinessRe.py:23 >> response body: {"responseTime":30,"contentVersion":1,"contentUpdateTime":1731846711274}
[91m[ERROR]20:31:5-general_assert.py:50 >> An error occurred: 500 != 200
[91m[ERROR]20:31:5-general_assert.py:52 >> None
[96m[CASE]20:31:5-logs.py:68 >> Case run time: 0.34s
[96m[CASE]20:31:5-logs.py:62 >> -------------------------------------------------------------
[96m[CASE]20:31:5-logs.py:63 >> Method Name: testCase01_NoteContentCreate_input_5_BodyType, Class Name: NoteContentCreateInput
[96m[CASE]20:31:5-logs.py:64 >> Test Description:ä¸Šä¼ /æ›´æ–°ä¾¿ç­¾å†…å®¹æŽ¥å£ï¼Œå¿…å¡«é¡¹ç¼ºå¤± [with key='BodyType']
[INFO]20:31:5-test_input.py:39 >> ç”¨æˆ·Aè¯·æ±‚ä¸Šä¼ ä¾¿ç­¾ä¸»ä½“æŽ¥å£
[96m[CASE]22:01:3-logs.py:62 >> -------------------------------------------------------------
[96m[CASE]22:01:3-logs.py:63 >> Method Name: testCase01_NoteContentCreate_input_0_noteId, Class Name: NoteContentCreateInput
[96m[CASE]22:01:3-logs.py:64 >> Test Description:ä¸Šä¼ /æ›´æ–°ä¾¿ç­¾å†…å®¹æŽ¥å£ï¼Œå¿…å¡«é¡¹ç¼ºå¤± [with key='noteId']
[INFO]22:01:3-test_input.py:39 >> ç”¨æˆ·Aè¯·æ±‚ä¸Šä¼ ä¾¿ç­¾ä¸»ä½“æŽ¥å£
[INFO]22:01:3-BusinessRe.py:14 >> request url: http://note-api.wps.cn/v3/notesvr/set/notecontent
[INFO]22:01:3-BusinessRe.py:15 >> request headers: {'Cookie': 'wps_sid=V02SLhq3OBmoksCi_G89b13NGYSK8bo00a6f3d6f0016adde65', 'X-user-key': '380493413', 'Content-Type': 'application/json'}
[INFO]22:01:3-BusinessRe.py:16 >> request body: {'title': 'test', 'summary': 'test', 'body': 'test', 'localContentVersion': 0, 'bodyType': 0}
[INFO]22:01:3-BusinessRe.py:22 >> response code: 500
[INFO]22:01:3-BusinessRe.py:23 >> response body: {"errorCode":-7,"errorMsg":"å‚æ•°ä¸åˆæ³•ï¼"}
[96m[CASE]22:01:3-logs.py:68 >> Case run time: 0.33s
[96m[CASE]22:01:4-logs.py:62 >> -------------------------------------------------------------
[96m[CASE]22:01:4-logs.py:63 >> Method Name: testCase01_NoteContentCreate_input_1_title, Class Name: NoteContentCreateInput
[96m[CASE]22:01:4-logs.py:64 >> Test Description:ä¸Šä¼ /æ›´æ–°ä¾¿ç­¾å†…å®¹æŽ¥å£ï¼Œå¿…å¡«é¡¹ç¼ºå¤± [with key='title']
[INFO]22:01:4-test_input.py:39 >> ç”¨æˆ·Aè¯·æ±‚ä¸Šä¼ ä¾¿ç­¾ä¸»ä½“æŽ¥å£
[INFO]22:01:4-BusinessRe.py:14 >> request url: http://note-api.wps.cn/v3/notesvr/set/notecontent
[INFO]22:01:4-BusinessRe.py:15 >> request headers: {'Cookie': 'wps_sid=V02SLhq3OBmoksCi_G89b13NGYSK8bo00a6f3d6f0016adde65', 'X-user-key': '380493413', 'Content-Type': 'application/json'}
[INFO]22:01:4-BusinessRe.py:16 >> request body: {'summary': 'test', 'body': 'test', 'localContentVersion': 0, 'noteId': '1731852101705', 'bodyType': 0}
[INFO]22:01:4-BusinessRe.py:22 >> response code: 200
[INFO]22:01:4-BusinessRe.py:23 >> response body: {"responseTime":29,"contentVersion":1,"contentUpdateTime":1731852102103}
[91m[ERROR]22:01:4-general_assert.py:50 >> An error occurred: 500 != 200
[91m[ERROR]22:01:4-general_assert.py:52 >> None
[96m[CASE]22:01:4-logs.py:68 >> Case run time: 0.31s
[96m[CASE]22:01:4-logs.py:62 >> -------------------------------------------------------------
[96m[CASE]22:01:4-logs.py:63 >> Method Name: testCase01_NoteContentCreate_input_2_body, Class Name: NoteContentCreateInput
[96m[CASE]22:01:4-logs.py:64 >> Test Description:ä¸Šä¼ /æ›´æ–°ä¾¿ç­¾å†…å®¹æŽ¥å£ï¼Œå¿…å¡«é¡¹ç¼ºå¤± [with key='body']
[INFO]22:01:4-test_input.py:39 >> ç”¨æˆ·Aè¯·æ±‚ä¸Šä¼ ä¾¿ç­¾ä¸»ä½“æŽ¥å£
[INFO]22:01:4-BusinessRe.py:14 >> request url: http://note-api.wps.cn/v3/notesvr/set/notecontent
[INFO]22:01:4-BusinessRe.py:15 >> request headers: {'Cookie': 'wps_sid=V02SLhq3OBmoksCi_G89b13NGYSK8bo00a6f3d6f0016adde65', 'X-user-key': '380493413', 'Content-Type': 'application/json'}
[INFO]22:01:4-BusinessRe.py:16 >> request body: {'title': 'test', 'summary': 'test', 'localContentVersion': 0, 'noteId': '1731852105324', 'bodyType': 0}
[INFO]22:01:4-BusinessRe.py:22 >> response code: 412
[INFO]22:01:4-BusinessRe.py:23 >> response body: {"errorCode":-1012,"errorMsg":"Note body Requested!"}
[91m[ERROR]22:01:4-general_assert.py:50 >> An error occurred: 500 != 412
[91m[ERROR]22:01:4-general_assert.py:52 >> None
[96m[CASE]22:01:4-logs.py:68 >> Case run time: 0.28s
[96m[CASE]22:01:4-logs.py:62 >> -------------------------------------------------------------
[96m[CASE]22:01:4-logs.py:63 >> Method Name: testCase01_NoteContentCreate_input_3_summary, Class Name: NoteContentCreateInput
[96m[CASE]22:01:4-logs.py:64 >> Test Description:ä¸Šä¼ /æ›´æ–°ä¾¿ç­¾å†…å®¹æŽ¥å£ï¼Œå¿…å¡«é¡¹ç¼ºå¤± [with key='summary']
[INFO]22:01:4-test_input.py:39 >> ç”¨æˆ·Aè¯·æ±‚ä¸Šä¼ ä¾¿ç­¾ä¸»ä½“æŽ¥å£
[INFO]22:01:4-BusinessRe.py:14 >> request url: http://note-api.wps.cn/v3/notesvr/set/notecontent
[INFO]22:01:4-BusinessRe.py:15 >> request headers: {'Cookie': 'wps_sid=V02SLhq3OBmoksCi_G89b13NGYSK8bo00a6f3d6f0016adde65', 'X-user-key': '380493413', 'Content-Type': 'application/json'}
[INFO]22:01:4-BusinessRe.py:16 >> request body: {'title': 'test', 'body': 'test', 'localContentVersion': 0, 'noteId': '1731852108255', 'bodyType': 0}
[INFO]22:01:4-BusinessRe.py:22 >> response code: 200
[INFO]22:01:4-BusinessRe.py:23 >> response body: {"responseTime":31,"contentVersion":1,"contentUpdateTime":1731852108684}
[91m[ERROR]22:01:4-general_assert.py:50 >> An error occurred: 500 != 200
[91m[ERROR]22:01:4-general_assert.py:52 >> None
[96m[CASE]22:01:4-logs.py:68 >> Case run time: 0.37s
[96m[CASE]22:01:5-logs.py:62 >> -------------------------------------------------------------
[96m[CASE]22:01:5-logs.py:63 >> Method Name: testCase01_NoteContentCreate_input_4_localContentVersion, Class Name: NoteContentCreateInput
[96m[CASE]22:01:5-logs.py:64 >> Test Description:ä¸Šä¼ /æ›´æ–°ä¾¿ç­¾å†…å®¹æŽ¥å£ï¼Œå¿…å¡«é¡¹ç¼ºå¤± [with key='localContentVersion']
[INFO]22:01:5-test_input.py:39 >> ç”¨æˆ·Aè¯·æ±‚ä¸Šä¼ ä¾¿ç­¾ä¸»ä½“æŽ¥å£
[INFO]22:01:5-BusinessRe.py:14 >> request url: http://note-api.wps.cn/v3/notesvr/set/notecontent
[INFO]22:01:5-BusinessRe.py:15 >> request headers: {'Cookie': 'wps_sid=V02SLhq3OBmoksCi_G89b13NGYSK8bo00a6f3d6f0016adde65', 'X-user-key': '380493413', 'Content-Type': 'application/json'}
[INFO]22:01:5-BusinessRe.py:16 >> request body: {'title': 'test', 'summary': 'test', 'body': 'test', 'noteId': '1731852111382', 'bodyType': 0}
[INFO]22:01:5-BusinessRe.py:22 >> response code: 200
[INFO]22:01:5-BusinessRe.py:23 >> response body: {"responseTime":28,"contentVersion":1,"contentUpdateTime":1731852111757}
[91m[ERROR]22:01:5-general_assert.py:50 >> An error occurred: 500 != 200
[91m[ERROR]22:01:5-general_assert.py:52 >> None
[96m[CASE]22:01:5-logs.py:68 >> Case run time: 0.30s
[96m[CASE]22:01:5-logs.py:62 >> -------------------------------------------------------------
[96m[CASE]22:01:5-logs.py:63 >> Method Name: testCase01_NoteContentCreate_input_5_BodyType, Class Name: NoteContentCreateInput
[96m[CASE]22:01:5-logs.py:64 >> Test Description:ä¸Šä¼ /æ›´æ–°ä¾¿ç­¾å†…å®¹æŽ¥å£ï¼Œå¿…å¡«é¡¹ç¼ºå¤± [with key='BodyType']
[INFO]22:01:5-test_input.py:39 >> ç”¨æˆ·Aè¯·æ±‚ä¸Šä¼ ä¾¿ç­¾ä¸»ä½“æŽ¥å£
[96m[CASE]22:04:4-logs.py:62 >> -------------------------------------------------------------
[96m[CASE]22:04:4-logs.py:63 >> Method Name: testCase01_NoteContentCreate_input, Class Name: NoteContentCreateInput
[96m[CASE]22:04:4-logs.py:64 >> Test Description:ä¸Šä¼ /æ›´æ–°ä¾¿ç­¾å†…å®¹æŽ¥å£ï¼Œå¿…å¡«é¡¹ç¼ºå¤±: noteId
[INFO]22:04:4-test_input.py:38 >> ç”¨æˆ·Aè¯·æ±‚ä¸Šä¼ ä¾¿ç­¾ä¸»ä½“æŽ¥å£
[INFO]22:04:4-BusinessRe.py:14 >> request url: http://note-api.wps.cn/v3/notesvr/set/notecontent
[INFO]22:04:4-BusinessRe.py:15 >> request headers: {'Cookie': 'wps_sid=V02SLhq3OBmoksCi_G89b13NGYSK8bo00a6f3d6f0016adde65', 'X-user-key': '380493413', 'Content-Type': 'application/json'}
[INFO]22:04:4-BusinessRe.py:16 >> request body: {'title': 'test', 'summary': 'test', 'body': 'test', 'localContentVersion': 0, 'bodyType': 0}
[INFO]22:04:4-BusinessRe.py:22 >> response code: 500
[INFO]22:04:4-BusinessRe.py:23 >> response body: {"errorCode":-7,"errorMsg":"å‚æ•°ä¸åˆæ³•ï¼"}
[96m[CASE]22:04:4-logs.py:68 >> Case run time: 0.43s
[96m[CASE]22:05:5-logs.py:62 >> -------------------------------------------------------------
[96m[CASE]22:05:5-logs.py:63 >> Method Name: testCase02_NoteContentCreate_input, Class Name: NoteContentCreateInput
[96m[CASE]22:05:5-logs.py:64 >> Test Description:ä¸Šä¼ /æ›´æ–°ä¾¿ç­¾å†…å®¹æŽ¥å£ï¼Œå¿…å¡«é¡¹ç¼ºå¤±: title
[INFO]22:05:5-test_input.py:61 >> ç”¨æˆ·Aè¯·æ±‚ä¸Šä¼ ä¾¿ç­¾ä¸»ä½“æŽ¥å£
[INFO]22:05:5-BusinessRe.py:14 >> request url: http://note-api.wps.cn/v3/notesvr/set/notecontent
[INFO]22:05:5-BusinessRe.py:15 >> request headers: {'Cookie': 'wps_sid=V02SLhq3OBmoksCi_G89b13NGYSK8bo00a6f3d6f0016adde65', 'X-user-key': '380493413', 'Content-Type': 'application/json'}
[INFO]22:05:5-BusinessRe.py:16 >> request body: {'summary': 'test', 'body': 'test', 'localContentVersion': 0, 'noteId': '1731852355392', 'bodyType': 0}
[INFO]22:05:5-BusinessRe.py:22 >> response code: 200
[INFO]22:05:5-BusinessRe.py:23 >> response body: {"responseTime":129,"contentVersion":1,"contentUpdateTime":1731852356007}
[91m[ERROR]22:05:5-general_assert.py:50 >> An error occurred: 500 != 200
[91m[ERROR]22:05:5-general_assert.py:52 >> None
[96m[CASE]22:05:5-logs.py:68 >> Case run time: 0.61s
[96m[CASE]22:07:1-logs.py:62 >> -------------------------------------------------------------
[96m[CASE]22:07:1-logs.py:63 >> Method Name: testCase03_NoteContentCreate_input, Class Name: NoteContentCreateInput
[96m[CASE]22:07:1-logs.py:64 >> Test Description:ä¸Šä¼ /æ›´æ–°ä¾¿ç­¾å†…å®¹æŽ¥å£ï¼Œå¿…å¡«é¡¹ç¼ºå¤±: summary
[INFO]22:07:1-test_input.py:85 >> ç”¨æˆ·Aè¯·æ±‚ä¸Šä¼ ä¾¿ç­¾ä¸»ä½“æŽ¥å£
[INFO]22:07:1-BusinessRe.py:14 >> request url: http://note-api.wps.cn/v3/notesvr/set/notecontent
[INFO]22:07:1-BusinessRe.py:15 >> request headers: {'Cookie': 'wps_sid=V02SLhq3OBmoksCi_G89b13NGYSK8bo00a6f3d6f0016adde65', 'X-user-key': '380493413', 'Content-Type': 'application/json'}
[INFO]22:07:1-BusinessRe.py:16 >> request body: {'title': 'test', 'body': 'test', 'localContentVersion': 0, 'noteId': '1731852434048', 'bodyType': 0}
[INFO]22:07:1-BusinessRe.py:22 >> response code: 200
[INFO]22:07:1-BusinessRe.py:23 >> response body: {"responseTime":28,"contentVersion":1,"contentUpdateTime":1731852434424}
[91m[ERROR]22:07:1-general_assert.py:50 >> An error occurred: 500 != 200
[91m[ERROR]22:07:1-general_assert.py:52 >> None
[96m[CASE]22:07:1-logs.py:68 >> Case run time: 0.43s
[96m[CASE]22:08:1-logs.py:62 >> -------------------------------------------------------------
[96m[CASE]22:08:1-logs.py:63 >> Method Name: testCase04_NoteContentCreate_input, Class Name: NoteContentCreateInput
[96m[CASE]22:08:1-logs.py:64 >> Test Description:ä¸Šä¼ /æ›´æ–°ä¾¿ç­¾å†…å®¹æŽ¥å£ï¼Œå¿…å¡«é¡¹ç¼ºå¤±: body
[INFO]22:08:1-test_input.py:109 >> ç”¨æˆ·Aè¯·æ±‚ä¸Šä¼ ä¾¿ç­¾ä¸»ä½“æŽ¥å£
[INFO]22:08:1-BusinessRe.py:14 >> request url: http://note-api.wps.cn/v3/notesvr/set/notecontent
[INFO]22:08:1-BusinessRe.py:15 >> request headers: {'Cookie': 'wps_sid=V02SLhq3OBmoksCi_G89b13NGYSK8bo00a6f3d6f0016adde65', 'X-user-key': '380493413', 'Content-Type': 'application/json'}
[INFO]22:08:1-BusinessRe.py:16 >> request body: {'summary': 'test', 'title': 'test', 'localContentVersion': 0, 'noteId': '1731852495473', 'bodyType': 0}
[INFO]22:08:1-BusinessRe.py:22 >> response code: 412
[INFO]22:08:1-BusinessRe.py:23 >> response body: {"errorCode":-1012,"errorMsg":"Note body Requested!"}
[91m[ERROR]22:08:1-general_assert.py:50 >> An error occurred: 500 != 412
[91m[ERROR]22:08:1-general_assert.py:52 >> None
[96m[CASE]22:08:1-logs.py:68 >> Case run time: 0.35s
[96m[CASE]22:08:3-logs.py:62 >> -------------------------------------------------------------
[96m[CASE]22:08:3-logs.py:63 >> Method Name: testCase04_NoteContentCreate_input, Class Name: NoteContentCreateInput
[96m[CASE]22:08:3-logs.py:64 >> Test Description:ä¸Šä¼ /æ›´æ–°ä¾¿ç­¾å†…å®¹æŽ¥å£ï¼Œå¿…å¡«é¡¹ç¼ºå¤±: body
[INFO]22:08:3-test_input.py:109 >> ç”¨æˆ·Aè¯·æ±‚ä¸Šä¼ ä¾¿ç­¾ä¸»ä½“æŽ¥å£
[INFO]22:08:3-BusinessRe.py:14 >> request url: http://note-api.wps.cn/v3/notesvr/set/notecontent
[INFO]22:08:3-BusinessRe.py:15 >> request headers: {'Cookie': 'wps_sid=V02SLhq3OBmoksCi_G89b13NGYSK8bo00a6f3d6f0016adde65', 'X-user-key': '380493413', 'Content-Type': 'application/json'}
[INFO]22:08:3-BusinessRe.py:16 >> request body: {'summary': 'test', 'title': 'test', 'localContentVersion': 0, 'noteId': '1731852518377', 'bodyType': 0}
[INFO]22:08:3-BusinessRe.py:22 >> response code: 412
[INFO]22:08:3-BusinessRe.py:23 >> response body: {"errorCode":-1012,"errorMsg":"Note body Requested!"}
[96m[CASE]22:08:3-logs.py:68 >> Case run time: 0.35s
[96m[CASE]22:10:1-logs.py:62 >> -------------------------------------------------------------
[96m[CASE]22:10:1-logs.py:63 >> Method Name: testCase05_NoteContentCreate_input, Class Name: NoteContentCreateInput
[96m[CASE]22:10:1-logs.py:64 >> Test Description:ä¸Šä¼ /æ›´æ–°ä¾¿ç­¾å†…å®¹æŽ¥å£ï¼Œå¿…å¡«é¡¹ç¼ºå¤±: localContentVersion
[INFO]22:10:1-test_input.py:132 >> ç”¨æˆ·Aè¯·æ±‚ä¸Šä¼ ä¾¿ç­¾ä¸»ä½“æŽ¥å£
[INFO]22:10:1-BusinessRe.py:14 >> request url: http://note-api.wps.cn/v3/notesvr/set/notecontent
[INFO]22:10:1-BusinessRe.py:15 >> request headers: {'Cookie': 'wps_sid=V02SLhq3OBmoksCi_G89b13NGYSK8bo00a6f3d6f0016adde65', 'X-user-key': '380493413', 'Content-Type': 'application/json'}
[INFO]22:10:1-BusinessRe.py:16 >> request body: {'summary': 'test', 'title': 'test', 'body': 'test', 'noteId': '1731852614052', 'bodyType': 0}
[INFO]22:10:1-BusinessRe.py:22 >> response code: 200
[INFO]22:10:1-BusinessRe.py:23 >> response body: {"responseTime":33,"contentVersion":1,"contentUpdateTime":1731852614443}
[91m[ERROR]22:10:1-general_assert.py:50 >> An error occurred: 500 != 200
[91m[ERROR]22:10:1-general_assert.py:52 >> None
[96m[CASE]22:10:1-logs.py:68 >> Case run time: 0.38s
[96m[CASE]22:11:2-logs.py:62 >> -------------------------------------------------------------
[96m[CASE]22:11:2-logs.py:63 >> Method Name: testCase06_NoteContentCreate_input, Class Name: NoteContentCreateInput
[96m[CASE]22:11:2-logs.py:64 >> Test Description:ä¸Šä¼ /æ›´æ–°ä¾¿ç­¾å†…å®¹æŽ¥å£ï¼Œå¿…å¡«é¡¹ç¼ºå¤±: bodyType
[INFO]22:11:2-test_input.py:155 >> ç”¨æˆ·Aè¯·æ±‚ä¸Šä¼ ä¾¿ç­¾ä¸»ä½“æŽ¥å£
[INFO]22:11:2-BusinessRe.py:14 >> request url: http://note-api.wps.cn/v3/notesvr/set/notecontent
[INFO]22:11:2-BusinessRe.py:15 >> request headers: {'Cookie': 'wps_sid=V02SLhq3OBmoksCi_G89b13NGYSK8bo00a6f3d6f0016adde65', 'X-user-key': '380493413', 'Content-Type': 'application/json'}
[INFO]22:11:2-BusinessRe.py:16 >> request body: {'summary': 'test', 'title': 'test', 'body': 'test', 'noteId': '1731852683487', 'localContentVersion': 0}
[INFO]22:11:2-BusinessRe.py:22 >> response code: 200
[INFO]22:11:2-BusinessRe.py:23 >> response body: {"responseTime":29,"contentVersion":1,"contentUpdateTime":1731852683936}
[91m[ERROR]22:11:2-general_assert.py:50 >> An error occurred: 500 != 200
[91m[ERROR]22:11:2-general_assert.py:52 >> None
[96m[CASE]22:11:2-logs.py:68 >> Case run time: 0.42s
[96m[CASE]22:13:0-logs.py:62 >> -------------------------------------------------------------
[96m[CASE]22:13:0-logs.py:63 >> Method Name: testCase07_NoteContentCreate_input, Class Name: NoteContentCreateInput
[96m[CASE]22:13:0-logs.py:64 >> Test Description:ä¸Šä¼ /æ›´æ–°ä¾¿ç­¾å†…å®¹æŽ¥å£ï¼Œå¿…å¡«é¡¹å€¼ä¸ºNone: noteId
[INFO]22:13:0-test_input.py:178 >> ç”¨æˆ·Aè¯·æ±‚ä¸Šä¼ ä¾¿ç­¾ä¸»ä½“æŽ¥å£
[INFO]22:13:0-BusinessRe.py:14 >> request url: http://note-api.wps.cn/v3/notesvr/set/notecontent
[INFO]22:13:0-BusinessRe.py:15 >> request headers: {'Cookie': 'wps_sid=V02SLhq3OBmoksCi_G89b13NGYSK8bo00a6f3d6f0016adde65', 'X-user-key': '380493413', 'Content-Type': 'application/json'}
[INFO]22:13:0-BusinessRe.py:16 >> request body: {'noteId': None, 'title': 'test', 'summary': 'test', 'body': 'test', 'localContentVersion': 0, 'bodyType': 0}
[INFO]22:13:0-BusinessRe.py:22 >> response code: 500
[INFO]22:13:0-BusinessRe.py:23 >> response body: {"errorCode":-7,"errorMsg":"å‚æ•°ä¸åˆæ³•ï¼"}
[96m[CASE]22:13:0-logs.py:68 >> Case run time: 0.41s
[96m[CASE]22:13:5-logs.py:62 >> -------------------------------------------------------------
[96m[CASE]22:13:5-logs.py:63 >> Method Name: testCase08_NoteContentCreate_input, Class Name: NoteContentCreateInput
[96m[CASE]22:13:5-logs.py:64 >> Test Description:ä¸Šä¼ /æ›´æ–°ä¾¿ç­¾å†…å®¹æŽ¥å£ï¼Œå¿…å¡«é¡¹å€¼ä¸ºNone: title
[INFO]22:13:5-test_input.py:202 >> ç”¨æˆ·Aè¯·æ±‚ä¸Šä¼ ä¾¿ç­¾ä¸»ä½“æŽ¥å£
[INFO]22:13:5-BusinessRe.py:14 >> request url: http://note-api.wps.cn/v3/notesvr/set/notecontent
[INFO]22:13:5-BusinessRe.py:15 >> request headers: {'Cookie': 'wps_sid=V02SLhq3OBmoksCi_G89b13NGYSK8bo00a6f3d6f0016adde65', 'X-user-key': '380493413', 'Content-Type': 'application/json'}
[INFO]22:13:5-BusinessRe.py:16 >> request body: {'noteId': '1731852830672', 'title': None, 'summary': 'test', 'body': 'test', 'localContentVersion': 0, 'bodyType': 0}
[INFO]22:13:5-BusinessRe.py:22 >> response code: 200
[INFO]22:13:5-BusinessRe.py:23 >> response body: {"responseTime":30,"contentVersion":1,"contentUpdateTime":1731852831035}
[91m[ERROR]22:13:5-general_assert.py:50 >> An error occurred: 500 != 200
[91m[ERROR]22:13:5-general_assert.py:52 >> None
[96m[CASE]22:13:5-logs.py:68 >> Case run time: 0.40s
[96m[CASE]22:14:3-logs.py:62 >> -------------------------------------------------------------
[96m[CASE]22:14:3-logs.py:63 >> Method Name: testCase09_NoteContentCreate_input, Class Name: NoteContentCreateInput
[96m[CASE]22:14:3-logs.py:64 >> Test Description:ä¸Šä¼ /æ›´æ–°ä¾¿ç­¾å†…å®¹æŽ¥å£ï¼Œå¿…å¡«é¡¹å€¼ä¸ºNone: summary
[INFO]22:14:3-test_input.py:226 >> ç”¨æˆ·Aè¯·æ±‚ä¸Šä¼ ä¾¿ç­¾ä¸»ä½“æŽ¥å£
[INFO]22:14:3-BusinessRe.py:14 >> request url: http://note-api.wps.cn/v3/notesvr/set/notecontent
[INFO]22:14:3-BusinessRe.py:15 >> request headers: {'Cookie': 'wps_sid=V02SLhq3OBmoksCi_G89b13NGYSK8bo00a6f3d6f0016adde65', 'X-user-key': '380493413', 'Content-Type': 'application/json'}
[INFO]22:14:3-BusinessRe.py:16 >> request body: {'noteId': '1731852875688', 'title': 'test', 'summary': None, 'body': 'test', 'localContentVersion': 0, 'bodyType': 0}
[INFO]22:14:3-BusinessRe.py:22 >> response code: 200
[INFO]22:14:3-BusinessRe.py:23 >> response body: {"responseTime":31,"contentVersion":1,"contentUpdateTime":1731852876076}
[91m[ERROR]22:14:3-general_assert.py:50 >> An error occurred: 500 != 200
[91m[ERROR]22:14:3-general_assert.py:52 >> None
[96m[CASE]22:14:3-logs.py:68 >> Case run time: 0.41s
[96m[CASE]22:15:1-logs.py:62 >> -------------------------------------------------------------
[96m[CASE]22:15:1-logs.py:63 >> Method Name: testCase10_NoteContentCreate_input, Class Name: NoteContentCreateInput
[96m[CASE]22:15:1-logs.py:64 >> Test Description:ä¸Šä¼ /æ›´æ–°ä¾¿ç­¾å†…å®¹æŽ¥å£ï¼Œå¿…å¡«é¡¹å€¼ä¸ºNone: body
[INFO]22:15:1-test_input.py:250 >> ç”¨æˆ·Aè¯·æ±‚ä¸Šä¼ ä¾¿ç­¾ä¸»ä½“æŽ¥å£
[INFO]22:15:1-BusinessRe.py:14 >> request url: http://note-api.wps.cn/v3/notesvr/set/notecontent
[INFO]22:15:1-BusinessRe.py:15 >> request headers: {'Cookie': 'wps_sid=V02SLhq3OBmoksCi_G89b13NGYSK8bo00a6f3d6f0016adde65', 'X-user-key': '380493413', 'Content-Type': 'application/json'}
[INFO]22:15:1-BusinessRe.py:16 >> request body: {'noteId': '1731852916663', 'title': 'test', 'summary': 'test', 'body': None, 'localContentVersion': 0, 'bodyType': 0}
[INFO]22:15:1-BusinessRe.py:22 >> response code: 412
[INFO]22:15:1-BusinessRe.py:23 >> response body: {"errorCode":-1012,"errorMsg":"Note body Requested!"}
[91m[ERROR]22:15:1-general_assert.py:50 >> An error occurred: 500 != 412
[91m[ERROR]22:15:1-general_assert.py:52 >> None
[96m[CASE]22:15:1-logs.py:68 >> Case run time: 0.39s
[96m[CASE]22:16:2-logs.py:62 >> -------------------------------------------------------------
[96m[CASE]22:16:2-logs.py:63 >> Method Name: testCase11_NoteContentCreate_input, Class Name: NoteContentCreateInput
[96m[CASE]22:16:2-logs.py:64 >> Test Description:ä¸Šä¼ /æ›´æ–°ä¾¿ç­¾å†…å®¹æŽ¥å£ï¼Œå¿…å¡«é¡¹å€¼ä¸ºNone: localContentVersion
[INFO]22:16:2-test_input.py:274 >> ç”¨æˆ·Aè¯·æ±‚ä¸Šä¼ ä¾¿ç­¾ä¸»ä½“æŽ¥å£
[INFO]22:16:2-BusinessRe.py:14 >> request url: http://note-api.wps.cn/v3/notesvr/set/notecontent
[INFO]22:16:2-BusinessRe.py:15 >> request headers: {'Cookie': 'wps_sid=V02SLhq3OBmoksCi_G89b13NGYSK8bo00a6f3d6f0016adde65', 'X-user-key': '380493413', 'Content-Type': 'application/json'}
[INFO]22:16:2-BusinessRe.py:16 >> request body: {'noteId': '1731852980348', 'title': 'test', 'summary': 'test', 'body': 'test', 'localContentVersion': None, 'bodyType': 0}
[INFO]22:16:2-BusinessRe.py:22 >> response code: 200
[INFO]22:16:2-BusinessRe.py:23 >> response body: {"responseTime":31,"contentVersion":1,"contentUpdateTime":1731852980744}
[91m[ERROR]22:16:2-general_assert.py:50 >> An error occurred: 500 != 200
[91m[ERROR]22:16:2-general_assert.py:52 >> None
[96m[CASE]22:16:2-logs.py:68 >> Case run time: 0.42s
[96m[CASE]22:17:3-logs.py:62 >> -------------------------------------------------------------
[96m[CASE]22:17:3-logs.py:63 >> Method Name: testCase12_NoteContentCreate_input, Class Name: NoteContentCreateInput
[96m[CASE]22:17:3-logs.py:64 >> Test Description:ä¸Šä¼ /æ›´æ–°ä¾¿ç­¾å†…å®¹æŽ¥å£ï¼Œå¿…å¡«é¡¹å€¼ä¸ºNone: bodyType
[INFO]22:17:3-test_input.py:298 >> ç”¨æˆ·Aè¯·æ±‚ä¸Šä¼ ä¾¿ç­¾ä¸»ä½“æŽ¥å£
[INFO]22:17:3-BusinessRe.py:14 >> request url: http://note-api.wps.cn/v3/notesvr/set/notecontent
[INFO]22:17:3-BusinessRe.py:15 >> request headers: {'Cookie': 'wps_sid=V02SLhq3OBmoksCi_G89b13NGYSK8bo00a6f3d6f0016adde65', 'X-user-key': '380493413', 'Content-Type': 'application/json'}
[INFO]22:17:3-BusinessRe.py:16 >> request body: {'noteId': '1731853056816', 'title': 'test', 'summary': 'test', 'body': 'test', 'localContentVersion': 0, 'bodyType': None}
[INFO]22:17:3-BusinessRe.py:22 >> response code: 200
[INFO]22:17:3-BusinessRe.py:23 >> response body: {"responseTime":30,"contentVersion":1,"contentUpdateTime":1731853057241}
[91m[ERROR]22:17:3-general_assert.py:50 >> An error occurred: 500 != 200
[91m[ERROR]22:17:3-general_assert.py:52 >> None
[96m[CASE]22:17:3-logs.py:68 >> Case run time: 0.43s
[96m[CASE]22:18:4-logs.py:62 >> -------------------------------------------------------------
[96m[CASE]22:18:4-logs.py:63 >> Method Name: testCase13_NoteContentCreate_input, Class Name: NoteContentCreateInput
[96m[CASE]22:18:4-logs.py:64 >> Test Description:ä¸Šä¼ /æ›´æ–°ä¾¿ç­¾å†…å®¹æŽ¥å£ï¼Œå¿…å¡«é¡¹å€¼ä¸º"": noteId
[INFO]22:18:4-test_input.py:322 >> ç”¨æˆ·Aè¯·æ±‚ä¸Šä¼ ä¾¿ç­¾ä¸»ä½“æŽ¥å£
[INFO]22:18:4-BusinessRe.py:14 >> request url: http://note-api.wps.cn/v3/notesvr/set/notecontent
[INFO]22:18:4-BusinessRe.py:15 >> request headers: {'Cookie': 'wps_sid=V02SLhq3OBmoksCi_G89b13NGYSK8bo00a6f3d6f0016adde65', 'X-user-key': '380493413', 'Content-Type': 'application/json'}
[INFO]22:18:4-BusinessRe.py:16 >> request body: {'noteId': '', 'title': 'test', 'summary': 'test', 'body': 'test', 'localContentVersion': 0, 'bodyType': 0}
[INFO]22:18:4-BusinessRe.py:22 >> response code: 500
[INFO]22:18:4-BusinessRe.py:23 >> response body: {"errorCode":-7,"errorMsg":"å‚æ•°ä¸åˆæ³•ï¼"}
[96m[CASE]22:18:4-logs.py:68 >> Case run time: 0.34s
[96m[CASE]22:19:3-logs.py:62 >> -------------------------------------------------------------
[96m[CASE]22:19:3-logs.py:63 >> Method Name: testCase14_NoteContentCreate_input, Class Name: NoteContentCreateInput
[96m[CASE]22:19:3-logs.py:64 >> Test Description:ä¸Šä¼ /æ›´æ–°ä¾¿ç­¾å†…å®¹æŽ¥å£ï¼Œå¿…å¡«é¡¹å€¼ä¸º"": title
[INFO]22:19:3-test_input.py:346 >> ç”¨æˆ·Aè¯·æ±‚ä¸Šä¼ ä¾¿ç­¾ä¸»ä½“æŽ¥å£
[INFO]22:19:3-BusinessRe.py:14 >> request url: http://note-api.wps.cn/v3/notesvr/set/notecontent
[INFO]22:19:3-BusinessRe.py:15 >> request headers: {'Cookie': 'wps_sid=V02SLhq3OBmoksCi_G89b13NGYSK8bo00a6f3d6f0016adde65', 'X-user-key': '380493413', 'Content-Type': 'application/json'}
[INFO]22:19:3-BusinessRe.py:16 >> request body: {'noteId': '1731853173308', 'title': '', 'summary': 'test', 'body': 'test', 'localContentVersion': 0, 'bodyType': 0}
[INFO]22:19:3-BusinessRe.py:22 >> response code: 200
[INFO]22:19:3-BusinessRe.py:23 >> response body: {"responseTime":29,"contentVersion":1,"contentUpdateTime":1731853173730}
[91m[ERROR]22:19:3-general_assert.py:50 >> An error occurred: 500 != 200
[91m[ERROR]22:19:3-general_assert.py:52 >> None
[96m[CASE]22:19:3-logs.py:68 >> Case run time: 0.40s
[96m[CASE]22:20:4-logs.py:62 >> -------------------------------------------------------------
[96m[CASE]22:20:4-logs.py:63 >> Method Name: testCase15_NoteContentCreate_input, Class Name: NoteContentCreateInput
[96m[CASE]22:20:4-logs.py:64 >> Test Description:ä¸Šä¼ /æ›´æ–°ä¾¿ç­¾å†…å®¹æŽ¥å£ï¼Œå¿…å¡«é¡¹å€¼ä¸º"": summary
[INFO]22:20:4-test_input.py:370 >> ç”¨æˆ·Aè¯·æ±‚ä¸Šä¼ ä¾¿ç­¾ä¸»ä½“æŽ¥å£
[INFO]22:20:4-BusinessRe.py:14 >> request url: http://note-api.wps.cn/v3/notesvr/set/notecontent
[INFO]22:20:4-BusinessRe.py:15 >> request headers: {'Cookie': 'wps_sid=V02SLhq3OBmoksCi_G89b13NGYSK8bo00a6f3d6f0016adde65', 'X-user-key': '380493413', 'Content-Type': 'application/json'}
[INFO]22:20:4-BusinessRe.py:16 >> request body: {'noteId': '1731853241995', 'title': 'test', 'summary': '', 'body': 'test', 'localContentVersion': 0, 'bodyType': 0}
[INFO]22:20:4-BusinessRe.py:22 >> response code: 200
[INFO]22:20:4-BusinessRe.py:23 >> response body: {"responseTime":30,"contentVersion":1,"contentUpdateTime":1731853242417}
[91m[ERROR]22:20:4-general_assert.py:50 >> An error occurred: 500 != 200
[91m[ERROR]22:20:4-general_assert.py:52 >> None
[96m[CASE]22:20:4-logs.py:68 >> Case run time: 0.39s
[96m[CASE]22:21:0-logs.py:62 >> -------------------------------------------------------------
[96m[CASE]22:21:0-logs.py:63 >> Method Name: testCase16_NoteContentCreate_input, Class Name: NoteContentCreateInput
[96m[CASE]22:21:0-logs.py:64 >> Test Description:ä¸Šä¼ /æ›´æ–°ä¾¿ç­¾å†…å®¹æŽ¥å£ï¼Œå¿…å¡«é¡¹å€¼ä¸º"": body
[INFO]22:21:0-test_input.py:394 >> ç”¨æˆ·Aè¯·æ±‚ä¸Šä¼ ä¾¿ç­¾ä¸»ä½“æŽ¥å£
[INFO]22:21:0-BusinessRe.py:14 >> request url: http://note-api.wps.cn/v3/notesvr/set/notecontent
[INFO]22:21:0-BusinessRe.py:15 >> request headers: {'Cookie': 'wps_sid=V02SLhq3OBmoksCi_G89b13NGYSK8bo00a6f3d6f0016adde65', 'X-user-key': '380493413', 'Content-Type': 'application/json'}
[INFO]22:21:0-BusinessRe.py:16 >> request body: {'noteId': '1731853266111', 'title': 'test', 'summary': 'test', 'body': '', 'localContentVersion': 0, 'bodyType': 0}
[INFO]22:21:0-BusinessRe.py:22 >> response code: 412
[INFO]22:21:0-BusinessRe.py:23 >> response body: {"errorCode":-1012,"errorMsg":"Note body Requested!"}
[96m[CASE]22:21:0-logs.py:68 >> Case run time: 0.37s
[96m[CASE]22:21:3-logs.py:62 >> -------------------------------------------------------------
[96m[CASE]22:21:3-logs.py:63 >> Method Name: testCase17_NoteContentCreate_input, Class Name: NoteContentCreateInput
[96m[CASE]22:21:3-logs.py:64 >> Test Description:ä¸Šä¼ /æ›´æ–°ä¾¿ç­¾å†…å®¹æŽ¥å£ï¼Œå¿…å¡«é¡¹å€¼ä¸º"": localContentVersion
[INFO]22:21:3-test_input.py:418 >> ç”¨æˆ·Aè¯·æ±‚ä¸Šä¼ ä¾¿ç­¾ä¸»ä½“æŽ¥å£
[INFO]22:21:3-BusinessRe.py:14 >> request url: http://note-api.wps.cn/v3/notesvr/set/notecontent
[INFO]22:21:3-BusinessRe.py:15 >> request headers: {'Cookie': 'wps_sid=V02SLhq3OBmoksCi_G89b13NGYSK8bo00a6f3d6f0016adde65', 'X-user-key': '380493413', 'Content-Type': 'application/json'}
[INFO]22:21:3-BusinessRe.py:16 >> request body: {'noteId': '1731853291065', 'title': 'test', 'summary': 'test', 'body': 'test', 'localContentVersion': '', 'bodyType': 0}
[INFO]22:21:3-BusinessRe.py:22 >> response code: 200
[INFO]22:21:3-BusinessRe.py:23 >> response body: {"responseTime":27,"contentVersion":1,"contentUpdateTime":1731853291476}
[91m[ERROR]22:21:3-general_assert.py:50 >> An error occurred: 500 != 200
[91m[ERROR]22:21:3-general_assert.py:52 >> None
[96m[CASE]22:21:3-logs.py:68 >> Case run time: 0.39s
[96m[CASE]22:21:5-logs.py:62 >> -------------------------------------------------------------
[96m[CASE]22:21:5-logs.py:63 >> Method Name: testCase18_NoteContentCreate_input, Class Name: NoteContentCreateInput
[96m[CASE]22:21:5-logs.py:64 >> Test Description:ä¸Šä¼ /æ›´æ–°ä¾¿ç­¾å†…å®¹æŽ¥å£ï¼Œå¿…å¡«é¡¹å€¼ä¸º"": bodyType
[INFO]22:21:5-test_input.py:442 >> ç”¨æˆ·Aè¯·æ±‚ä¸Šä¼ ä¾¿ç­¾ä¸»ä½“æŽ¥å£
[INFO]22:21:5-BusinessRe.py:14 >> request url: http://note-api.wps.cn/v3/notesvr/set/notecontent
[INFO]22:21:5-BusinessRe.py:15 >> request headers: {'Cookie': 'wps_sid=V02SLhq3OBmoksCi_G89b13NGYSK8bo00a6f3d6f0016adde65', 'X-user-key': '380493413', 'Content-Type': 'application/json'}
[INFO]22:21:5-BusinessRe.py:16 >> request body: {'noteId': '1731853313529', 'title': 'test', 'summary': 'test', 'body': 'test', 'localContentVersion': 0, 'bodyType': ''}
[INFO]22:21:5-BusinessRe.py:22 >> response code: 200
[INFO]22:21:5-BusinessRe.py:23 >> response body: {"responseTime":29,"contentVersion":1,"contentUpdateTime":1731853313986}
[91m[ERROR]22:21:5-general_assert.py:50 >> An error occurred: 500 != 200
[91m[ERROR]22:21:5-general_assert.py:52 >> None
[96m[CASE]22:21:5-logs.py:68 >> Case run time: 0.39s
[96m[CASE]22:32:0-logs.py:62 >> -------------------------------------------------------------
[96m[CASE]22:32:0-logs.py:63 >> Method Name: testCase19_NoteContentCreate_input, Class Name: NoteContentCreateInput
[96m[CASE]22:32:0-logs.py:64 >> Test Description:ä¸Šä¼ /æ›´æ–°ä¾¿ç­¾å†…å®¹æŽ¥å£ï¼Œç±»åž‹æ ¡éªŒ: noteIdé•¿åº¦è¶…å‡º
[INFO]22:32:0-test_input.py:466 >> ç”¨æˆ·Aè¯·æ±‚ä¸Šä¼ ä¾¿ç­¾ä¸»ä½“æŽ¥å£
[INFO]22:32:0-BusinessRe.py:14 >> request url: http://note-api.wps.cn/v3/notesvr/set/notecontent
[INFO]22:32:0-BusinessRe.py:15 >> request headers: {'Cookie': 'wps_sid=V02SLhq3OBmoksCi_G89b13NGYSK8bo00a6f3d6f0016adde65', 'X-user-key': '380493413', 'Content-Type': 'application/json'}
[INFO]22:32:0-BusinessRe.py:16 >> request body: {'noteId': '1731853926206123456', 'title': 'test', 'summary': 'test', 'body': 'test', 'localContentVersion': 0, 'bodyType': 0}
[INFO]22:32:0-BusinessRe.py:22 >> response code: 200
[INFO]22:32:0-BusinessRe.py:23 >> response body: {"responseTime":26,"contentVersion":1,"contentUpdateTime":1731853926627}
[91m[ERROR]22:32:0-general_assert.py:50 >> An error occurred: 500 != 200
[91m[ERROR]22:32:0-general_assert.py:52 >> None
[96m[CASE]22:32:0-logs.py:68 >> Case run time: 0.35s
